###############################################################
#  Generated by:      Cadence Innovus 17.11-s080_1
#  OS:                Linux x86_64(Host ID cad29)
#  Generated on:      Thu Mar 25 18:21:45 2021
#  Design:            CHIP
#  Command:           verifyGeometry
###############################################################

OVERLAP: Blockage of Cell IOFILLER_N_64 & Blockage of Cell IOFILLER_N_63  ( metal2 )
Bounds : ( 1286.500, 1279.320 ) ( 1287.070, 1418.600 )


OVERLAP: Blockage of Cell IOFILLER_N_64 & Blockage of Cell IOFILLER_N_63  ( metal4 )
Bounds : ( 1286.500, 1279.320 ) ( 1287.070, 1418.600 )


OVERLAP: Blockage of Cell IOFILLER_N_64 & Blockage of Cell IOFILLER_N_63  ( metal6 )
Bounds : ( 1286.500, 1279.320 ) ( 1287.070, 1418.600 )


OVERLAP: Cell IOFILLER_N_63 & Cell IOFILLER_N_64
Bounds : ( 1286.500, 1278.480 ) ( 1287.070, 1418.600 )


OVERLAP: Blockage of Cell IOFILLER_N_62 & Blockage of Cell IOFILLER_N_61  ( metal1 )
Bounds : ( 1193.450, 1279.320 ) ( 1194.020, 1418.600 )


OVERLAP: Blockage of Cell IOFILLER_N_62 & Blockage of Cell IOFILLER_N_61  ( metal2 )
Bounds : ( 1193.450, 1279.320 ) ( 1194.020, 1418.600 )


OVERLAP: Blockage of Cell IOFILLER_N_62 & Blockage of Cell IOFILLER_N_61  ( metal3 )
Bounds : ( 1193.450, 1279.320 ) ( 1194.020, 1418.600 )


OVERLAP: Blockage of Cell IOFILLER_N_62 & Blockage of Cell IOFILLER_N_61  ( metal4 )
Bounds : ( 1193.450, 1279.320 ) ( 1194.020, 1418.600 )


OVERLAP: Blockage of Cell IOFILLER_N_62 & Blockage of Cell IOFILLER_N_61  ( metal5 )
Bounds : ( 1193.450, 1279.320 ) ( 1194.020, 1418.600 )


OVERLAP: Blockage of Cell IOFILLER_N_62 & Blockage of Cell IOFILLER_N_61  ( metal6 )
Bounds : ( 1193.450, 1279.320 ) ( 1194.020, 1418.600 )


OVERLAP: Cell IOFILLER_N_61 & Cell IOFILLER_N_62
Bounds : ( 1193.450, 1278.480 ) ( 1194.020, 1418.600 )


OVERLAP: Blockage of Cell IOFILLER_N_60 & Blockage of Cell IOFILLER_N_59  ( metal1 )
Bounds : ( 1100.400, 1279.320 ) ( 1100.970, 1418.600 )


OVERLAP: Blockage of Cell IOFILLER_N_60 & Blockage of Cell IOFILLER_N_59  ( metal2 )
Bounds : ( 1100.400, 1279.320 ) ( 1100.970, 1418.600 )


OVERLAP: Blockage of Cell IOFILLER_N_60 & Blockage of Cell IOFILLER_N_59  ( metal3 )
Bounds : ( 1100.400, 1279.320 ) ( 1100.970, 1418.600 )


OVERLAP: Blockage of Cell IOFILLER_N_60 & Blockage of Cell IOFILLER_N_59  ( metal4 )
Bounds : ( 1100.400, 1279.320 ) ( 1100.970, 1418.600 )


OVERLAP: Blockage of Cell IOFILLER_N_60 & Blockage of Cell IOFILLER_N_59  ( metal5 )
Bounds : ( 1100.400, 1279.320 ) ( 1100.970, 1418.600 )


OVERLAP: Blockage of Cell IOFILLER_N_60 & Blockage of Cell IOFILLER_N_59  ( metal6 )
Bounds : ( 1100.400, 1279.320 ) ( 1100.970, 1418.600 )


OVERLAP: Cell IOFILLER_N_59 & Cell IOFILLER_N_60
Bounds : ( 1100.400, 1278.480 ) ( 1100.970, 1418.600 )


OVERLAP: Blockage of Cell IOFILLER_E_87 & Blockage of Cell IOFILLER_E_86  ( metal1 )
Bounds : ( 1287.960, 1277.860 ) ( 1427.240, 1278.420 )


OVERLAP: Blockage of Cell IOFILLER_E_87 & Blockage of Cell IOFILLER_E_86  ( metal2 )
Bounds : ( 1287.960, 1277.860 ) ( 1427.240, 1278.420 )


OVERLAP: Blockage of Cell IOFILLER_E_87 & Blockage of Cell IOFILLER_E_86  ( metal3 )
Bounds : ( 1287.960, 1277.860 ) ( 1427.240, 1278.420 )


OVERLAP: Blockage of Cell IOFILLER_E_87 & Blockage of Cell IOFILLER_E_86  ( metal4 )
Bounds : ( 1287.960, 1277.860 ) ( 1427.240, 1278.420 )


OVERLAP: Blockage of Cell IOFILLER_E_87 & Blockage of Cell IOFILLER_E_86  ( metal5 )
Bounds : ( 1287.960, 1277.860 ) ( 1427.240, 1278.420 )


OVERLAP: Blockage of Cell IOFILLER_E_87 & Blockage of Cell IOFILLER_E_86  ( metal6 )
Bounds : ( 1287.960, 1277.860 ) ( 1427.240, 1278.420 )


OVERLAP: Cell IOFILLER_E_86 & Cell IOFILLER_E_87
Bounds : ( 1287.120, 1277.860 ) ( 1427.240, 1278.420 )


OVERLAP: Blockage of Cell IOFILLER_N_64 & Blockage of Cell IOFILLER_N_63  ( metal5 )
Bounds : ( 1286.500, 1279.320 ) ( 1287.070, 1418.600 )


OVERLAP: Blockage of Cell IOFILLER_N_64 & Blockage of Cell IOFILLER_N_63  ( metal3 )
Bounds : ( 1286.500, 1279.320 ) ( 1287.070, 1418.600 )


OVERLAP: Blockage of Cell IOFILLER_N_64 & Blockage of Cell IOFILLER_N_63  ( metal1 )
Bounds : ( 1286.500, 1279.320 ) ( 1287.070, 1418.600 )


OVERLAP: Blockage of Cell IOFILLER_E_85 & Blockage of Cell IOFILLER_E_84  ( metal1 )
Bounds : ( 1287.960, 1168.680 ) ( 1427.240, 1169.240 )


OVERLAP: Blockage of Cell IOFILLER_E_85 & Blockage of Cell IOFILLER_E_84  ( metal2 )
Bounds : ( 1287.960, 1168.680 ) ( 1427.240, 1169.240 )


OVERLAP: Blockage of Cell IOFILLER_E_85 & Blockage of Cell IOFILLER_E_84  ( metal3 )
Bounds : ( 1287.960, 1168.680 ) ( 1427.240, 1169.240 )


OVERLAP: Blockage of Cell IOFILLER_E_85 & Blockage of Cell IOFILLER_E_84  ( metal4 )
Bounds : ( 1287.960, 1168.680 ) ( 1427.240, 1169.240 )


OVERLAP: Blockage of Cell IOFILLER_E_85 & Blockage of Cell IOFILLER_E_84  ( metal5 )
Bounds : ( 1287.960, 1168.680 ) ( 1427.240, 1169.240 )


OVERLAP: Blockage of Cell IOFILLER_E_85 & Blockage of Cell IOFILLER_E_84  ( metal6 )
Bounds : ( 1287.960, 1168.680 ) ( 1427.240, 1169.240 )


OVERLAP: Cell IOFILLER_E_84 & Cell IOFILLER_E_85
Bounds : ( 1287.120, 1168.680 ) ( 1427.240, 1169.240 )


OVERLAP: Cell IOFILLER_N_53 & Cell IOFILLER_N_54
Bounds : ( 821.250, 1278.480 ) ( 821.830, 1418.600 )


OVERLAP: Blockage of Cell IOFILLER_N_54 & Blockage of Cell IOFILLER_N_53  ( metal6 )
Bounds : ( 821.250, 1279.320 ) ( 821.830, 1418.600 )


OVERLAP: Blockage of Cell IOFILLER_N_54 & Blockage of Cell IOFILLER_N_53  ( metal5 )
Bounds : ( 821.250, 1279.320 ) ( 821.830, 1418.600 )


OVERLAP: Blockage of Cell IOFILLER_N_54 & Blockage of Cell IOFILLER_N_53  ( metal4 )
Bounds : ( 821.250, 1279.320 ) ( 821.830, 1418.600 )


OVERLAP: Blockage of Cell IOFILLER_N_54 & Blockage of Cell IOFILLER_N_53  ( metal3 )
Bounds : ( 821.250, 1279.320 ) ( 821.830, 1418.600 )


OVERLAP: Blockage of Cell IOFILLER_N_54 & Blockage of Cell IOFILLER_N_53  ( metal2 )
Bounds : ( 821.250, 1279.320 ) ( 821.830, 1418.600 )


OVERLAP: Blockage of Cell IOFILLER_N_54 & Blockage of Cell IOFILLER_N_53  ( metal1 )
Bounds : ( 821.250, 1279.320 ) ( 821.830, 1418.600 )


OVERLAP: Cell IOFILLER_N_55 & Cell IOFILLER_N_56
Bounds : ( 914.300, 1278.480 ) ( 914.870, 1418.600 )


OVERLAP: Blockage of Cell IOFILLER_N_56 & Blockage of Cell IOFILLER_N_55  ( metal6 )
Bounds : ( 914.300, 1279.320 ) ( 914.870, 1418.600 )


OVERLAP: Blockage of Cell IOFILLER_N_56 & Blockage of Cell IOFILLER_N_55  ( metal5 )
Bounds : ( 914.300, 1279.320 ) ( 914.870, 1418.600 )


OVERLAP: Blockage of Cell IOFILLER_N_56 & Blockage of Cell IOFILLER_N_55  ( metal4 )
Bounds : ( 914.300, 1279.320 ) ( 914.870, 1418.600 )


OVERLAP: Blockage of Cell IOFILLER_N_56 & Blockage of Cell IOFILLER_N_55  ( metal3 )
Bounds : ( 914.300, 1279.320 ) ( 914.870, 1418.600 )


OVERLAP: Blockage of Cell IOFILLER_N_56 & Blockage of Cell IOFILLER_N_55  ( metal2 )
Bounds : ( 914.300, 1279.320 ) ( 914.870, 1418.600 )


OVERLAP: Blockage of Cell IOFILLER_N_56 & Blockage of Cell IOFILLER_N_55  ( metal1 )
Bounds : ( 914.300, 1279.320 ) ( 914.870, 1418.600 )


OVERLAP: Cell IOFILLER_N_57 & Cell IOFILLER_N_58
Bounds : ( 1007.350, 1278.480 ) ( 1007.920, 1418.600 )


OVERLAP: Blockage of Cell IOFILLER_N_58 & Blockage of Cell IOFILLER_N_57  ( metal6 )
Bounds : ( 1007.350, 1279.320 ) ( 1007.920, 1418.600 )


OVERLAP: Blockage of Cell IOFILLER_N_58 & Blockage of Cell IOFILLER_N_57  ( metal5 )
Bounds : ( 1007.350, 1279.320 ) ( 1007.920, 1418.600 )


OVERLAP: Blockage of Cell IOFILLER_N_58 & Blockage of Cell IOFILLER_N_57  ( metal4 )
Bounds : ( 1007.350, 1279.320 ) ( 1007.920, 1418.600 )


OVERLAP: Blockage of Cell IOFILLER_N_58 & Blockage of Cell IOFILLER_N_57  ( metal3 )
Bounds : ( 1007.350, 1279.320 ) ( 1007.920, 1418.600 )


OVERLAP: Blockage of Cell IOFILLER_N_58 & Blockage of Cell IOFILLER_N_57  ( metal2 )
Bounds : ( 1007.350, 1279.320 ) ( 1007.920, 1418.600 )


OVERLAP: Blockage of Cell IOFILLER_N_58 & Blockage of Cell IOFILLER_N_57  ( metal1 )
Bounds : ( 1007.350, 1279.320 ) ( 1007.920, 1418.600 )


OVERLAP: Cell IOFILLER_N_51 & Cell IOFILLER_N_52
Bounds : ( 728.210, 1278.480 ) ( 728.790, 1418.600 )


OVERLAP: Blockage of Cell IOFILLER_N_52 & Blockage of Cell IOFILLER_N_51  ( metal6 )
Bounds : ( 728.210, 1279.320 ) ( 728.790, 1418.600 )


OVERLAP: Blockage of Cell IOFILLER_N_52 & Blockage of Cell IOFILLER_N_51  ( metal5 )
Bounds : ( 728.210, 1279.320 ) ( 728.790, 1418.600 )


OVERLAP: Blockage of Cell IOFILLER_N_52 & Blockage of Cell IOFILLER_N_51  ( metal4 )
Bounds : ( 728.210, 1279.320 ) ( 728.790, 1418.600 )


OVERLAP: Blockage of Cell IOFILLER_N_52 & Blockage of Cell IOFILLER_N_51  ( metal3 )
Bounds : ( 728.210, 1279.320 ) ( 728.790, 1418.600 )


OVERLAP: Blockage of Cell IOFILLER_N_52 & Blockage of Cell IOFILLER_N_51  ( metal2 )
Bounds : ( 728.210, 1279.320 ) ( 728.790, 1418.600 )


OVERLAP: Blockage of Cell IOFILLER_N_52 & Blockage of Cell IOFILLER_N_51  ( metal1 )
Bounds : ( 728.210, 1279.320 ) ( 728.790, 1418.600 )


OVERLAP: Cell IOFILLER_E_78 & Cell IOFILLER_E_79
Bounds : ( 1287.120, 841.140 ) ( 1427.240, 841.700 )


OVERLAP: Blockage of Cell IOFILLER_E_79 & Blockage of Cell IOFILLER_E_78  ( metal6 )
Bounds : ( 1287.960, 841.140 ) ( 1427.240, 841.700 )


OVERLAP: Blockage of Cell IOFILLER_E_79 & Blockage of Cell IOFILLER_E_78  ( metal5 )
Bounds : ( 1287.960, 841.140 ) ( 1427.240, 841.700 )


OVERLAP: Blockage of Cell IOFILLER_E_79 & Blockage of Cell IOFILLER_E_78  ( metal4 )
Bounds : ( 1287.960, 841.140 ) ( 1427.240, 841.700 )


OVERLAP: Blockage of Cell IOFILLER_E_79 & Blockage of Cell IOFILLER_E_78  ( metal3 )
Bounds : ( 1287.960, 841.140 ) ( 1427.240, 841.700 )


OVERLAP: Blockage of Cell IOFILLER_E_79 & Blockage of Cell IOFILLER_E_78  ( metal2 )
Bounds : ( 1287.960, 841.140 ) ( 1427.240, 841.700 )


OVERLAP: Blockage of Cell IOFILLER_E_79 & Blockage of Cell IOFILLER_E_78  ( metal1 )
Bounds : ( 1287.960, 841.140 ) ( 1427.240, 841.700 )


OVERLAP: Cell IOFILLER_E_80 & Cell IOFILLER_E_81
Bounds : ( 1287.120, 950.320 ) ( 1427.240, 950.880 )


OVERLAP: Blockage of Cell IOFILLER_E_81 & Blockage of Cell IOFILLER_E_80  ( metal6 )
Bounds : ( 1287.960, 950.320 ) ( 1427.240, 950.880 )


OVERLAP: Blockage of Cell IOFILLER_E_81 & Blockage of Cell IOFILLER_E_80  ( metal5 )
Bounds : ( 1287.960, 950.320 ) ( 1427.240, 950.880 )


OVERLAP: Blockage of Cell IOFILLER_E_81 & Blockage of Cell IOFILLER_E_80  ( metal4 )
Bounds : ( 1287.960, 950.320 ) ( 1427.240, 950.880 )


OVERLAP: Blockage of Cell IOFILLER_E_81 & Blockage of Cell IOFILLER_E_80  ( metal3 )
Bounds : ( 1287.960, 950.320 ) ( 1427.240, 950.880 )


OVERLAP: Blockage of Cell IOFILLER_E_81 & Blockage of Cell IOFILLER_E_80  ( metal2 )
Bounds : ( 1287.960, 950.320 ) ( 1427.240, 950.880 )


OVERLAP: Blockage of Cell IOFILLER_E_81 & Blockage of Cell IOFILLER_E_80  ( metal1 )
Bounds : ( 1287.960, 950.320 ) ( 1427.240, 950.880 )


OVERLAP: Cell IOFILLER_E_82 & Cell IOFILLER_E_83
Bounds : ( 1287.120, 1059.500 ) ( 1427.240, 1060.060 )


OVERLAP: Blockage of Cell IOFILLER_E_83 & Blockage of Cell IOFILLER_E_82  ( metal6 )
Bounds : ( 1287.960, 1059.500 ) ( 1427.240, 1060.060 )


OVERLAP: Blockage of Cell IOFILLER_E_83 & Blockage of Cell IOFILLER_E_82  ( metal5 )
Bounds : ( 1287.960, 1059.500 ) ( 1427.240, 1060.060 )


OVERLAP: Blockage of Cell IOFILLER_E_83 & Blockage of Cell IOFILLER_E_82  ( metal4 )
Bounds : ( 1287.960, 1059.500 ) ( 1427.240, 1060.060 )


OVERLAP: Blockage of Cell IOFILLER_E_83 & Blockage of Cell IOFILLER_E_82  ( metal3 )
Bounds : ( 1287.960, 1059.500 ) ( 1427.240, 1060.060 )


OVERLAP: Blockage of Cell IOFILLER_E_83 & Blockage of Cell IOFILLER_E_82  ( metal2 )
Bounds : ( 1287.960, 1059.500 ) ( 1427.240, 1060.060 )


OVERLAP: Blockage of Cell IOFILLER_E_83 & Blockage of Cell IOFILLER_E_82  ( metal1 )
Bounds : ( 1287.960, 1059.500 ) ( 1427.240, 1060.060 )


OVERLAP: Cell IOFILLER_E_76 & Cell IOFILLER_E_77
Bounds : ( 1287.120, 731.960 ) ( 1427.240, 732.520 )


OVERLAP: Blockage of Cell IOFILLER_E_77 & Blockage of Cell IOFILLER_E_76  ( metal6 )
Bounds : ( 1287.960, 731.960 ) ( 1427.240, 732.520 )


OVERLAP: Blockage of Cell IOFILLER_E_77 & Blockage of Cell IOFILLER_E_76  ( metal5 )
Bounds : ( 1287.960, 731.960 ) ( 1427.240, 732.520 )


OVERLAP: Blockage of Cell IOFILLER_E_77 & Blockage of Cell IOFILLER_E_76  ( metal4 )
Bounds : ( 1287.960, 731.960 ) ( 1427.240, 732.520 )


OVERLAP: Blockage of Cell IOFILLER_E_77 & Blockage of Cell IOFILLER_E_76  ( metal3 )
Bounds : ( 1287.960, 731.960 ) ( 1427.240, 732.520 )


OVERLAP: Blockage of Cell IOFILLER_E_77 & Blockage of Cell IOFILLER_E_76  ( metal2 )
Bounds : ( 1287.960, 731.960 ) ( 1427.240, 732.520 )


OVERLAP: Blockage of Cell IOFILLER_E_77 & Blockage of Cell IOFILLER_E_76  ( metal1 )
Bounds : ( 1287.960, 731.960 ) ( 1427.240, 732.520 )


OVERLAP: Cell IOFILLER_N_47 & Cell IOFILLER_N_48
Bounds : ( 542.130, 1278.480 ) ( 542.700, 1418.600 )


OVERLAP: Blockage of Cell IOFILLER_N_48 & Blockage of Cell IOFILLER_N_47  ( metal6 )
Bounds : ( 542.130, 1279.320 ) ( 542.700, 1418.600 )


OVERLAP: Blockage of Cell IOFILLER_N_48 & Blockage of Cell IOFILLER_N_47  ( metal5 )
Bounds : ( 542.130, 1279.320 ) ( 542.700, 1418.600 )


OVERLAP: Blockage of Cell IOFILLER_N_48 & Blockage of Cell IOFILLER_N_47  ( metal4 )
Bounds : ( 542.130, 1279.320 ) ( 542.700, 1418.600 )


OVERLAP: Blockage of Cell IOFILLER_N_48 & Blockage of Cell IOFILLER_N_47  ( metal3 )
Bounds : ( 542.130, 1279.320 ) ( 542.700, 1418.600 )


OVERLAP: Blockage of Cell IOFILLER_N_48 & Blockage of Cell IOFILLER_N_47  ( metal2 )
Bounds : ( 542.130, 1279.320 ) ( 542.700, 1418.600 )


OVERLAP: Blockage of Cell IOFILLER_N_48 & Blockage of Cell IOFILLER_N_47  ( metal1 )
Bounds : ( 542.130, 1279.320 ) ( 542.700, 1418.600 )


OVERLAP: Cell IOFILLER_N_49 & Cell IOFILLER_N_50
Bounds : ( 635.170, 1278.480 ) ( 635.750, 1418.600 )


OVERLAP: Blockage of Cell IOFILLER_N_50 & Blockage of Cell IOFILLER_N_49  ( metal6 )
Bounds : ( 635.170, 1279.320 ) ( 635.750, 1418.600 )


OVERLAP: Blockage of Cell IOFILLER_N_50 & Blockage of Cell IOFILLER_N_49  ( metal5 )
Bounds : ( 635.170, 1279.320 ) ( 635.750, 1418.600 )


OVERLAP: Blockage of Cell IOFILLER_N_50 & Blockage of Cell IOFILLER_N_49  ( metal4 )
Bounds : ( 635.170, 1279.320 ) ( 635.750, 1418.600 )


OVERLAP: Blockage of Cell IOFILLER_N_50 & Blockage of Cell IOFILLER_N_49  ( metal3 )
Bounds : ( 635.170, 1279.320 ) ( 635.750, 1418.600 )


OVERLAP: Blockage of Cell IOFILLER_N_50 & Blockage of Cell IOFILLER_N_49  ( metal2 )
Bounds : ( 635.170, 1279.320 ) ( 635.750, 1418.600 )


OVERLAP: Blockage of Cell IOFILLER_N_50 & Blockage of Cell IOFILLER_N_49  ( metal1 )
Bounds : ( 635.170, 1279.320 ) ( 635.750, 1418.600 )


OVERLAP: Cell IOFILLER_N_45 & Cell IOFILLER_N_46
Bounds : ( 449.080, 1278.480 ) ( 449.650, 1418.600 )


OVERLAP: Blockage of Cell IOFILLER_N_46 & Blockage of Cell IOFILLER_N_45  ( metal6 )
Bounds : ( 449.080, 1279.320 ) ( 449.650, 1418.600 )


OVERLAP: Blockage of Cell IOFILLER_N_46 & Blockage of Cell IOFILLER_N_45  ( metal5 )
Bounds : ( 449.080, 1279.320 ) ( 449.650, 1418.600 )


OVERLAP: Blockage of Cell IOFILLER_N_46 & Blockage of Cell IOFILLER_N_45  ( metal4 )
Bounds : ( 449.080, 1279.320 ) ( 449.650, 1418.600 )


OVERLAP: Blockage of Cell IOFILLER_N_46 & Blockage of Cell IOFILLER_N_45  ( metal3 )
Bounds : ( 449.080, 1279.320 ) ( 449.650, 1418.600 )


OVERLAP: Blockage of Cell IOFILLER_N_46 & Blockage of Cell IOFILLER_N_45  ( metal2 )
Bounds : ( 449.080, 1279.320 ) ( 449.650, 1418.600 )


OVERLAP: Blockage of Cell IOFILLER_N_46 & Blockage of Cell IOFILLER_N_45  ( metal1 )
Bounds : ( 449.080, 1279.320 ) ( 449.650, 1418.600 )


OVERLAP: Blockage of Cell IOFILLER_N_42 & Blockage of Cell IOFILLER_N_41  ( metal6 )
Bounds : ( 262.980, 1279.320 ) ( 263.550, 1418.600 )


OVERLAP: Cell IOFILLER_N_41 & Cell IOFILLER_N_42
Bounds : ( 262.980, 1278.480 ) ( 263.550, 1418.600 )


OVERLAP: Blockage of Cell IOFILLER_N_40 & Blockage of Cell IOFILLER_N_39  ( metal1 )
Bounds : ( 169.930, 1279.320 ) ( 170.500, 1418.600 )


OVERLAP: Blockage of Cell IOFILLER_N_40 & Blockage of Cell IOFILLER_N_39  ( metal2 )
Bounds : ( 169.930, 1279.320 ) ( 170.500, 1418.600 )


OVERLAP: Blockage of Cell IOFILLER_N_40 & Blockage of Cell IOFILLER_N_39  ( metal3 )
Bounds : ( 169.930, 1279.320 ) ( 170.500, 1418.600 )


OVERLAP: Blockage of Cell IOFILLER_N_40 & Blockage of Cell IOFILLER_N_39  ( metal4 )
Bounds : ( 169.930, 1279.320 ) ( 170.500, 1418.600 )


OVERLAP: Blockage of Cell IOFILLER_N_40 & Blockage of Cell IOFILLER_N_39  ( metal5 )
Bounds : ( 169.930, 1279.320 ) ( 170.500, 1418.600 )


OVERLAP: Blockage of Cell IOFILLER_N_40 & Blockage of Cell IOFILLER_N_39  ( metal6 )
Bounds : ( 169.930, 1279.320 ) ( 170.500, 1418.600 )


OVERLAP: Cell IOFILLER_N_39 & Cell IOFILLER_N_40
Bounds : ( 169.930, 1278.480 ) ( 170.500, 1418.600 )


OVERLAP: Blockage of Cell IOFILLER_W_68 & Blockage of Cell IOFILLER_W_69  ( metal1 )
Bounds : ( 0.000, 1277.860 ) ( 139.280, 1278.250 )


OVERLAP: Blockage of Cell IOFILLER_W_68 & Blockage of Cell IOFILLER_W_69  ( metal2 )
Bounds : ( 0.000, 1277.860 ) ( 139.280, 1278.250 )


OVERLAP: Blockage of Cell IOFILLER_W_68 & Blockage of Cell IOFILLER_W_69  ( metal3 )
Bounds : ( 0.000, 1277.860 ) ( 139.280, 1278.250 )


OVERLAP: Blockage of Cell IOFILLER_W_68 & Blockage of Cell IOFILLER_W_69  ( metal4 )
Bounds : ( 0.000, 1277.860 ) ( 139.280, 1278.250 )


OVERLAP: Blockage of Cell IOFILLER_W_68 & Blockage of Cell IOFILLER_W_69  ( metal5 )
Bounds : ( 0.000, 1277.860 ) ( 139.280, 1278.250 )


OVERLAP: Blockage of Cell IOFILLER_W_68 & Blockage of Cell IOFILLER_W_69  ( metal6 )
Bounds : ( 0.000, 1277.860 ) ( 139.280, 1278.250 )


OVERLAP: Cell IOFILLER_W_69 & Cell IOFILLER_W_68
Bounds : ( 0.000, 1277.860 ) ( 140.120, 1278.250 )


OVERLAP: Blockage of Cell IOFILLER_N_42 & Blockage of Cell IOFILLER_N_41  ( metal5 )
Bounds : ( 262.980, 1279.320 ) ( 263.550, 1418.600 )


OVERLAP: Blockage of Cell IOFILLER_N_42 & Blockage of Cell IOFILLER_N_41  ( metal4 )
Bounds : ( 262.980, 1279.320 ) ( 263.550, 1418.600 )


OVERLAP: Blockage of Cell IOFILLER_N_42 & Blockage of Cell IOFILLER_N_41  ( metal3 )
Bounds : ( 262.980, 1279.320 ) ( 263.550, 1418.600 )


OVERLAP: Blockage of Cell IOFILLER_N_42 & Blockage of Cell IOFILLER_N_41  ( metal2 )
Bounds : ( 262.980, 1279.320 ) ( 263.550, 1418.600 )


OVERLAP: Blockage of Cell IOFILLER_N_42 & Blockage of Cell IOFILLER_N_41  ( metal1 )
Bounds : ( 262.980, 1279.320 ) ( 263.550, 1418.600 )


OVERLAP: Cell IOFILLER_N_43 & Cell IOFILLER_N_44
Bounds : ( 356.030, 1278.480 ) ( 356.600, 1418.600 )


OVERLAP: Blockage of Cell IOFILLER_N_44 & Blockage of Cell IOFILLER_N_43  ( metal6 )
Bounds : ( 356.030, 1279.320 ) ( 356.600, 1418.600 )


OVERLAP: Blockage of Cell IOFILLER_N_44 & Blockage of Cell IOFILLER_N_43  ( metal5 )
Bounds : ( 356.030, 1279.320 ) ( 356.600, 1418.600 )


OVERLAP: Blockage of Cell IOFILLER_N_44 & Blockage of Cell IOFILLER_N_43  ( metal4 )
Bounds : ( 356.030, 1279.320 ) ( 356.600, 1418.600 )


OVERLAP: Blockage of Cell IOFILLER_N_44 & Blockage of Cell IOFILLER_N_43  ( metal3 )
Bounds : ( 356.030, 1279.320 ) ( 356.600, 1418.600 )


OVERLAP: Blockage of Cell IOFILLER_N_44 & Blockage of Cell IOFILLER_N_43  ( metal2 )
Bounds : ( 356.030, 1279.320 ) ( 356.600, 1418.600 )


OVERLAP: Blockage of Cell IOFILLER_N_44 & Blockage of Cell IOFILLER_N_43  ( metal1 )
Bounds : ( 356.030, 1279.320 ) ( 356.600, 1418.600 )


OVERLAP: Blockage of Cell IOFILLER_W_64 & Blockage of Cell IOFILLER_W_65  ( metal1 )
Bounds : ( 0.000, 1106.280 ) ( 139.280, 1106.670 )


OVERLAP: Blockage of Cell IOFILLER_W_64 & Blockage of Cell IOFILLER_W_65  ( metal2 )
Bounds : ( 0.000, 1106.280 ) ( 139.280, 1106.670 )


OVERLAP: Blockage of Cell IOFILLER_W_64 & Blockage of Cell IOFILLER_W_65  ( metal3 )
Bounds : ( 0.000, 1106.280 ) ( 139.280, 1106.670 )


OVERLAP: Blockage of Cell IOFILLER_W_64 & Blockage of Cell IOFILLER_W_65  ( metal4 )
Bounds : ( 0.000, 1106.280 ) ( 139.280, 1106.670 )


OVERLAP: Blockage of Cell IOFILLER_W_64 & Blockage of Cell IOFILLER_W_65  ( metal6 )
Bounds : ( 0.000, 1106.280 ) ( 139.280, 1106.670 )


OVERLAP: Cell IOFILLER_W_65 & Cell IOFILLER_W_64
Bounds : ( 0.000, 1106.280 ) ( 140.120, 1106.670 )


OVERLAP: Blockage of Cell IOFILLER_W_66 & Blockage of Cell IOFILLER_W_67  ( metal1 )
Bounds : ( 0.000, 1192.070 ) ( 139.280, 1192.460 )


OVERLAP: Blockage of Cell IOFILLER_W_66 & Blockage of Cell IOFILLER_W_67  ( metal2 )
Bounds : ( 0.000, 1192.070 ) ( 139.280, 1192.460 )


OVERLAP: Blockage of Cell IOFILLER_W_66 & Blockage of Cell IOFILLER_W_67  ( metal3 )
Bounds : ( 0.000, 1192.070 ) ( 139.280, 1192.460 )


OVERLAP: Blockage of Cell IOFILLER_W_66 & Blockage of Cell IOFILLER_W_67  ( metal4 )
Bounds : ( 0.000, 1192.070 ) ( 139.280, 1192.460 )


OVERLAP: Blockage of Cell IOFILLER_W_66 & Blockage of Cell IOFILLER_W_67  ( metal5 )
Bounds : ( 0.000, 1192.070 ) ( 139.280, 1192.460 )


OVERLAP: Blockage of Cell IOFILLER_W_66 & Blockage of Cell IOFILLER_W_67  ( metal6 )
Bounds : ( 0.000, 1192.070 ) ( 139.280, 1192.460 )


OVERLAP: Cell IOFILLER_W_67 & Cell IOFILLER_W_66
Bounds : ( 0.000, 1192.070 ) ( 140.120, 1192.460 )


OVERLAP: Blockage of Cell IOFILLER_W_64 & Blockage of Cell IOFILLER_W_65  ( metal5 )
Bounds : ( 0.000, 1106.280 ) ( 139.280, 1106.670 )


OVERLAP: Cell IOFILLER_W_58 & Cell IOFILLER_W_59
Bounds : ( 0.000, 848.930 ) ( 140.120, 849.330 )


OVERLAP: Blockage of Cell IOFILLER_W_59 & Blockage of Cell IOFILLER_W_58  ( metal6 )
Bounds : ( 0.000, 848.930 ) ( 139.280, 849.330 )


OVERLAP: Blockage of Cell IOFILLER_W_59 & Blockage of Cell IOFILLER_W_58  ( metal5 )
Bounds : ( 0.000, 848.930 ) ( 139.280, 849.330 )


OVERLAP: Blockage of Cell IOFILLER_W_59 & Blockage of Cell IOFILLER_W_58  ( metal4 )
Bounds : ( 0.000, 848.930 ) ( 139.280, 849.330 )


OVERLAP: Blockage of Cell IOFILLER_W_59 & Blockage of Cell IOFILLER_W_58  ( metal3 )
Bounds : ( 0.000, 848.930 ) ( 139.280, 849.330 )


OVERLAP: Blockage of Cell IOFILLER_W_59 & Blockage of Cell IOFILLER_W_58  ( metal2 )
Bounds : ( 0.000, 848.930 ) ( 139.280, 849.330 )


OVERLAP: Blockage of Cell IOFILLER_W_59 & Blockage of Cell IOFILLER_W_58  ( metal1 )
Bounds : ( 0.000, 848.930 ) ( 139.280, 849.330 )


OVERLAP: Cell IOFILLER_W_60 & Cell IOFILLER_W_61
Bounds : ( 0.000, 934.710 ) ( 140.120, 935.110 )


OVERLAP: Blockage of Cell IOFILLER_W_61 & Blockage of Cell IOFILLER_W_60  ( metal6 )
Bounds : ( 0.000, 934.710 ) ( 139.280, 935.110 )


OVERLAP: Blockage of Cell IOFILLER_W_61 & Blockage of Cell IOFILLER_W_60  ( metal5 )
Bounds : ( 0.000, 934.710 ) ( 139.280, 935.110 )


OVERLAP: Blockage of Cell IOFILLER_W_61 & Blockage of Cell IOFILLER_W_60  ( metal4 )
Bounds : ( 0.000, 934.710 ) ( 139.280, 935.110 )


OVERLAP: Blockage of Cell IOFILLER_W_61 & Blockage of Cell IOFILLER_W_60  ( metal3 )
Bounds : ( 0.000, 934.710 ) ( 139.280, 935.110 )


OVERLAP: Blockage of Cell IOFILLER_W_61 & Blockage of Cell IOFILLER_W_60  ( metal2 )
Bounds : ( 0.000, 934.710 ) ( 139.280, 935.110 )


OVERLAP: Blockage of Cell IOFILLER_W_61 & Blockage of Cell IOFILLER_W_60  ( metal1 )
Bounds : ( 0.000, 934.710 ) ( 139.280, 935.110 )


OVERLAP: Cell IOFILLER_W_62 & Cell IOFILLER_W_63
Bounds : ( 0.000, 1020.490 ) ( 140.120, 1020.890 )


OVERLAP: Blockage of Cell IOFILLER_W_63 & Blockage of Cell IOFILLER_W_62  ( metal6 )
Bounds : ( 0.000, 1020.490 ) ( 139.280, 1020.890 )


OVERLAP: Blockage of Cell IOFILLER_W_63 & Blockage of Cell IOFILLER_W_62  ( metal5 )
Bounds : ( 0.000, 1020.490 ) ( 139.280, 1020.890 )


OVERLAP: Blockage of Cell IOFILLER_W_63 & Blockage of Cell IOFILLER_W_62  ( metal4 )
Bounds : ( 0.000, 1020.490 ) ( 139.280, 1020.890 )


OVERLAP: Blockage of Cell IOFILLER_W_63 & Blockage of Cell IOFILLER_W_62  ( metal3 )
Bounds : ( 0.000, 1020.490 ) ( 139.280, 1020.890 )


OVERLAP: Blockage of Cell IOFILLER_W_63 & Blockage of Cell IOFILLER_W_62  ( metal2 )
Bounds : ( 0.000, 1020.490 ) ( 139.280, 1020.890 )


OVERLAP: Blockage of Cell IOFILLER_W_63 & Blockage of Cell IOFILLER_W_62  ( metal1 )
Bounds : ( 0.000, 1020.490 ) ( 139.280, 1020.890 )


OVERLAP: Cell IOFILLER_W_56 & Cell IOFILLER_W_57
Bounds : ( 0.000, 763.150 ) ( 140.120, 763.550 )


OVERLAP: Blockage of Cell IOFILLER_W_57 & Blockage of Cell IOFILLER_W_56  ( metal6 )
Bounds : ( 0.000, 763.150 ) ( 139.280, 763.550 )


OVERLAP: Blockage of Cell IOFILLER_W_57 & Blockage of Cell IOFILLER_W_56  ( metal5 )
Bounds : ( 0.000, 763.150 ) ( 139.280, 763.550 )


OVERLAP: Blockage of Cell IOFILLER_W_57 & Blockage of Cell IOFILLER_W_56  ( metal4 )
Bounds : ( 0.000, 763.150 ) ( 139.280, 763.550 )


OVERLAP: Blockage of Cell IOFILLER_W_57 & Blockage of Cell IOFILLER_W_56  ( metal3 )
Bounds : ( 0.000, 763.150 ) ( 139.280, 763.550 )


OVERLAP: Blockage of Cell IOFILLER_W_57 & Blockage of Cell IOFILLER_W_56  ( metal2 )
Bounds : ( 0.000, 763.150 ) ( 139.280, 763.550 )


OVERLAP: Blockage of Cell IOFILLER_W_57 & Blockage of Cell IOFILLER_W_56  ( metal1 )
Bounds : ( 0.000, 763.150 ) ( 139.280, 763.550 )


OVERLAP: Cell IOFILLER_E_74 & Cell IOFILLER_E_75
Bounds : ( 1287.120, 622.780 ) ( 1427.240, 623.340 )


OVERLAP: Blockage of Cell IOFILLER_E_75 & Blockage of Cell IOFILLER_E_74  ( metal6 )
Bounds : ( 1287.960, 622.780 ) ( 1427.240, 623.340 )


OVERLAP: Blockage of Cell IOFILLER_E_75 & Blockage of Cell IOFILLER_E_74  ( metal5 )
Bounds : ( 1287.960, 622.780 ) ( 1427.240, 623.340 )


OVERLAP: Blockage of Cell IOFILLER_E_75 & Blockage of Cell IOFILLER_E_74  ( metal4 )
Bounds : ( 1287.960, 622.780 ) ( 1427.240, 623.340 )


OVERLAP: Blockage of Cell IOFILLER_E_75 & Blockage of Cell IOFILLER_E_74  ( metal3 )
Bounds : ( 1287.960, 622.780 ) ( 1427.240, 623.340 )


OVERLAP: Blockage of Cell IOFILLER_E_75 & Blockage of Cell IOFILLER_E_74  ( metal2 )
Bounds : ( 1287.960, 622.780 ) ( 1427.240, 623.340 )


OVERLAP: Blockage of Cell IOFILLER_E_75 & Blockage of Cell IOFILLER_E_74  ( metal1 )
Bounds : ( 1287.960, 622.780 ) ( 1427.240, 623.340 )


OVERLAP: Cell IOFILLER_E_70 & Cell IOFILLER_E_71
Bounds : ( 1287.120, 404.420 ) ( 1427.240, 404.980 )


OVERLAP: Blockage of Cell IOFILLER_E_71 & Blockage of Cell IOFILLER_E_70  ( metal6 )
Bounds : ( 1287.960, 404.420 ) ( 1427.240, 404.980 )


OVERLAP: Blockage of Cell IOFILLER_E_71 & Blockage of Cell IOFILLER_E_70  ( metal5 )
Bounds : ( 1287.960, 404.420 ) ( 1427.240, 404.980 )


OVERLAP: Blockage of Cell IOFILLER_E_71 & Blockage of Cell IOFILLER_E_70  ( metal4 )
Bounds : ( 1287.960, 404.420 ) ( 1427.240, 404.980 )


OVERLAP: Blockage of Cell IOFILLER_E_71 & Blockage of Cell IOFILLER_E_70  ( metal3 )
Bounds : ( 1287.960, 404.420 ) ( 1427.240, 404.980 )


OVERLAP: Blockage of Cell IOFILLER_E_71 & Blockage of Cell IOFILLER_E_70  ( metal2 )
Bounds : ( 1287.960, 404.420 ) ( 1427.240, 404.980 )


OVERLAP: Blockage of Cell IOFILLER_E_71 & Blockage of Cell IOFILLER_E_70  ( metal1 )
Bounds : ( 1287.960, 404.420 ) ( 1427.240, 404.980 )


OVERLAP: Cell IOFILLER_E_72 & Cell IOFILLER_E_73
Bounds : ( 1287.120, 513.600 ) ( 1427.240, 514.160 )


OVERLAP: Blockage of Cell IOFILLER_E_73 & Blockage of Cell IOFILLER_E_72  ( metal6 )
Bounds : ( 1287.960, 513.600 ) ( 1427.240, 514.160 )


OVERLAP: Blockage of Cell IOFILLER_E_73 & Blockage of Cell IOFILLER_E_72  ( metal5 )
Bounds : ( 1287.960, 513.600 ) ( 1427.240, 514.160 )


OVERLAP: Blockage of Cell IOFILLER_E_73 & Blockage of Cell IOFILLER_E_72  ( metal4 )
Bounds : ( 1287.960, 513.600 ) ( 1427.240, 514.160 )


OVERLAP: Blockage of Cell IOFILLER_E_73 & Blockage of Cell IOFILLER_E_72  ( metal3 )
Bounds : ( 1287.960, 513.600 ) ( 1427.240, 514.160 )


OVERLAP: Blockage of Cell IOFILLER_E_73 & Blockage of Cell IOFILLER_E_72  ( metal2 )
Bounds : ( 1287.960, 513.600 ) ( 1427.240, 514.160 )


OVERLAP: Blockage of Cell IOFILLER_E_73 & Blockage of Cell IOFILLER_E_72  ( metal1 )
Bounds : ( 1287.960, 513.600 ) ( 1427.240, 514.160 )


OVERLAP: Blockage of Cell IOFILLER_E_67 & Blockage of Cell IOFILLER_E_66  ( metal6 )
Bounds : ( 1287.960, 186.060 ) ( 1427.240, 186.620 )


OVERLAP: Cell IOFILLER_E_66 & Cell IOFILLER_E_67
Bounds : ( 1287.120, 186.060 ) ( 1427.240, 186.620 )


OVERLAP: Blockage of Cell IOFILLER_S_76 & Blockage of Cell IOFILLER_S_65  ( metal1 )
Bounds : ( 1286.500, 0.000 ) ( 1286.890, 139.280 )


OVERLAP: Blockage of Cell IOFILLER_S_76 & Blockage of Cell IOFILLER_S_65  ( metal2 )
Bounds : ( 1286.500, 0.000 ) ( 1286.890, 139.280 )


OVERLAP: Blockage of Cell IOFILLER_S_76 & Blockage of Cell IOFILLER_S_65  ( metal3 )
Bounds : ( 1286.500, 0.000 ) ( 1286.890, 139.280 )


OVERLAP: Blockage of Cell IOFILLER_S_76 & Blockage of Cell IOFILLER_S_65  ( metal4 )
Bounds : ( 1286.500, 0.000 ) ( 1286.890, 139.280 )


OVERLAP: Blockage of Cell IOFILLER_S_76 & Blockage of Cell IOFILLER_S_65  ( metal5 )
Bounds : ( 1286.500, 0.000 ) ( 1286.890, 139.280 )


OVERLAP: Blockage of Cell IOFILLER_S_76 & Blockage of Cell IOFILLER_S_65  ( metal6 )
Bounds : ( 1286.500, 0.000 ) ( 1286.890, 139.280 )


OVERLAP: Blockage of Cell IOFILLER_S_75 & Blockage of Cell IOFILLER_S_64  ( metal1 )
Bounds : ( 1176.530, 0.000 ) ( 1176.920, 139.280 )


OVERLAP: Blockage of Cell IOFILLER_S_75 & Blockage of Cell IOFILLER_S_64  ( metal2 )
Bounds : ( 1176.530, 0.000 ) ( 1176.920, 139.280 )


OVERLAP: Blockage of Cell IOFILLER_S_75 & Blockage of Cell IOFILLER_S_64  ( metal3 )
Bounds : ( 1176.530, 0.000 ) ( 1176.920, 139.280 )


OVERLAP: Blockage of Cell IOFILLER_S_75 & Blockage of Cell IOFILLER_S_64  ( metal4 )
Bounds : ( 1176.530, 0.000 ) ( 1176.920, 139.280 )


OVERLAP: Blockage of Cell IOFILLER_S_75 & Blockage of Cell IOFILLER_S_64  ( metal5 )
Bounds : ( 1176.530, 0.000 ) ( 1176.920, 139.280 )


OVERLAP: Blockage of Cell IOFILLER_S_75 & Blockage of Cell IOFILLER_S_64  ( metal6 )
Bounds : ( 1176.530, 0.000 ) ( 1176.920, 139.280 )


OVERLAP: Cell IOFILLER_S_64 & Cell IOFILLER_S_75
Bounds : ( 1176.530, 0.000 ) ( 1176.920, 140.120 )


OVERLAP: Blockage of Cell IOFILLER_E_69 & Blockage of Cell IOFILLER_E_68  ( metal1 )
Bounds : ( 1287.960, 295.240 ) ( 1427.240, 295.800 )


OVERLAP: Blockage of Cell IOFILLER_E_69 & Blockage of Cell IOFILLER_E_68  ( metal2 )
Bounds : ( 1287.960, 295.240 ) ( 1427.240, 295.800 )


OVERLAP: Blockage of Cell IOFILLER_E_69 & Blockage of Cell IOFILLER_E_68  ( metal3 )
Bounds : ( 1287.960, 295.240 ) ( 1427.240, 295.800 )


OVERLAP: Blockage of Cell IOFILLER_E_69 & Blockage of Cell IOFILLER_E_68  ( metal4 )
Bounds : ( 1287.960, 295.240 ) ( 1427.240, 295.800 )


OVERLAP: Blockage of Cell IOFILLER_E_69 & Blockage of Cell IOFILLER_E_68  ( metal5 )
Bounds : ( 1287.960, 295.240 ) ( 1427.240, 295.800 )


OVERLAP: Blockage of Cell IOFILLER_E_69 & Blockage of Cell IOFILLER_E_68  ( metal6 )
Bounds : ( 1287.960, 295.240 ) ( 1427.240, 295.800 )


OVERLAP: Cell IOFILLER_E_68 & Cell IOFILLER_E_69
Bounds : ( 1287.120, 295.240 ) ( 1427.240, 295.800 )


OVERLAP: Cell IOFILLER_S_65 & Cell IOFILLER_S_76
Bounds : ( 1286.500, 0.000 ) ( 1286.890, 140.120 )


OVERLAP: Blockage of Cell IOFILLER_E_67 & Blockage of Cell IOFILLER_E_66  ( metal5 )
Bounds : ( 1287.960, 186.060 ) ( 1427.240, 186.620 )


OVERLAP: Blockage of Cell IOFILLER_E_67 & Blockage of Cell IOFILLER_E_66  ( metal4 )
Bounds : ( 1287.960, 186.060 ) ( 1427.240, 186.620 )


OVERLAP: Blockage of Cell IOFILLER_E_67 & Blockage of Cell IOFILLER_E_66  ( metal3 )
Bounds : ( 1287.960, 186.060 ) ( 1427.240, 186.620 )


OVERLAP: Blockage of Cell IOFILLER_E_67 & Blockage of Cell IOFILLER_E_66  ( metal2 )
Bounds : ( 1287.960, 186.060 ) ( 1427.240, 186.620 )


OVERLAP: Blockage of Cell IOFILLER_E_67 & Blockage of Cell IOFILLER_E_66  ( metal1 )
Bounds : ( 1287.960, 186.060 ) ( 1427.240, 186.620 )


OVERLAP: Blockage of Cell IOFILLER_S_74 & Blockage of Cell IOFILLER_S_63  ( metal1 )
Bounds : ( 1066.560, 0.000 ) ( 1066.950, 139.280 )


OVERLAP: Blockage of Cell IOFILLER_S_74 & Blockage of Cell IOFILLER_S_63  ( metal2 )
Bounds : ( 1066.560, 0.000 ) ( 1066.950, 139.280 )


OVERLAP: Blockage of Cell IOFILLER_S_74 & Blockage of Cell IOFILLER_S_63  ( metal3 )
Bounds : ( 1066.560, 0.000 ) ( 1066.950, 139.280 )


OVERLAP: Blockage of Cell IOFILLER_S_74 & Blockage of Cell IOFILLER_S_63  ( metal4 )
Bounds : ( 1066.560, 0.000 ) ( 1066.950, 139.280 )


OVERLAP: Blockage of Cell IOFILLER_S_74 & Blockage of Cell IOFILLER_S_63  ( metal5 )
Bounds : ( 1066.560, 0.000 ) ( 1066.950, 139.280 )


OVERLAP: Blockage of Cell IOFILLER_S_74 & Blockage of Cell IOFILLER_S_63  ( metal6 )
Bounds : ( 1066.560, 0.000 ) ( 1066.950, 139.280 )


OVERLAP: Cell IOFILLER_S_63 & Cell IOFILLER_S_74
Bounds : ( 1066.560, 0.000 ) ( 1066.950, 140.120 )


OVERLAP: Cell IOFILLER_S_61 & Cell IOFILLER_S_72
Bounds : ( 846.630, 0.000 ) ( 847.030, 140.120 )


OVERLAP: Cell IOFILLER_S_62 & Cell IOFILLER_S_73
Bounds : ( 956.590, 0.000 ) ( 956.990, 140.120 )


OVERLAP: Blockage of Cell IOFILLER_S_72 & Blockage of Cell IOFILLER_S_61  ( metal6 )
Bounds : ( 846.630, 0.000 ) ( 847.030, 139.280 )


OVERLAP: Blockage of Cell IOFILLER_S_72 & Blockage of Cell IOFILLER_S_61  ( metal5 )
Bounds : ( 846.630, 0.000 ) ( 847.030, 139.280 )


OVERLAP: Blockage of Cell IOFILLER_S_72 & Blockage of Cell IOFILLER_S_61  ( metal4 )
Bounds : ( 846.630, 0.000 ) ( 847.030, 139.280 )


OVERLAP: Blockage of Cell IOFILLER_S_72 & Blockage of Cell IOFILLER_S_61  ( metal3 )
Bounds : ( 846.630, 0.000 ) ( 847.030, 139.280 )


OVERLAP: Blockage of Cell IOFILLER_S_72 & Blockage of Cell IOFILLER_S_61  ( metal2 )
Bounds : ( 846.630, 0.000 ) ( 847.030, 139.280 )


OVERLAP: Blockage of Cell IOFILLER_S_72 & Blockage of Cell IOFILLER_S_61  ( metal1 )
Bounds : ( 846.630, 0.000 ) ( 847.030, 139.280 )


OVERLAP: Blockage of Cell IOFILLER_S_73 & Blockage of Cell IOFILLER_S_62  ( metal6 )
Bounds : ( 956.590, 0.000 ) ( 956.990, 139.280 )


OVERLAP: Blockage of Cell IOFILLER_S_73 & Blockage of Cell IOFILLER_S_62  ( metal5 )
Bounds : ( 956.590, 0.000 ) ( 956.990, 139.280 )


OVERLAP: Blockage of Cell IOFILLER_S_73 & Blockage of Cell IOFILLER_S_62  ( metal4 )
Bounds : ( 956.590, 0.000 ) ( 956.990, 139.280 )


OVERLAP: Blockage of Cell IOFILLER_S_73 & Blockage of Cell IOFILLER_S_62  ( metal3 )
Bounds : ( 956.590, 0.000 ) ( 956.990, 139.280 )


OVERLAP: Blockage of Cell IOFILLER_S_73 & Blockage of Cell IOFILLER_S_62  ( metal2 )
Bounds : ( 956.590, 0.000 ) ( 956.990, 139.280 )


OVERLAP: Blockage of Cell IOFILLER_S_73 & Blockage of Cell IOFILLER_S_62  ( metal1 )
Bounds : ( 956.590, 0.000 ) ( 956.990, 139.280 )


OVERLAP: Cell IOFILLER_S_60 & Cell IOFILLER_S_71
Bounds : ( 736.670, 0.000 ) ( 737.070, 140.120 )


OVERLAP: Blockage of Cell IOFILLER_S_71 & Blockage of Cell IOFILLER_S_60  ( metal6 )
Bounds : ( 736.670, 0.000 ) ( 737.070, 139.280 )


OVERLAP: Blockage of Cell IOFILLER_S_71 & Blockage of Cell IOFILLER_S_60  ( metal5 )
Bounds : ( 736.670, 0.000 ) ( 737.070, 139.280 )


OVERLAP: Blockage of Cell IOFILLER_S_71 & Blockage of Cell IOFILLER_S_60  ( metal4 )
Bounds : ( 736.670, 0.000 ) ( 737.070, 139.280 )


OVERLAP: Blockage of Cell IOFILLER_S_71 & Blockage of Cell IOFILLER_S_60  ( metal3 )
Bounds : ( 736.670, 0.000 ) ( 737.070, 139.280 )


OVERLAP: Blockage of Cell IOFILLER_S_71 & Blockage of Cell IOFILLER_S_60  ( metal2 )
Bounds : ( 736.670, 0.000 ) ( 737.070, 139.280 )


OVERLAP: Blockage of Cell IOFILLER_S_71 & Blockage of Cell IOFILLER_S_60  ( metal1 )
Bounds : ( 736.670, 0.000 ) ( 737.070, 139.280 )


OVERLAP: Cell IOFILLER_W_49 & Cell IOFILLER_W_48
Bounds : ( 0.000, 420.030 ) ( 140.120, 420.430 )


OVERLAP: Blockage of Cell IOFILLER_W_50 & Blockage of Cell IOFILLER_W_51  ( metal1 )
Bounds : ( 0.000, 505.810 ) ( 139.280, 506.210 )


OVERLAP: Blockage of Cell IOFILLER_W_50 & Blockage of Cell IOFILLER_W_51  ( metal2 )
Bounds : ( 0.000, 505.810 ) ( 139.280, 506.210 )


OVERLAP: Blockage of Cell IOFILLER_W_50 & Blockage of Cell IOFILLER_W_51  ( metal3 )
Bounds : ( 0.000, 505.810 ) ( 139.280, 506.210 )


OVERLAP: Blockage of Cell IOFILLER_W_50 & Blockage of Cell IOFILLER_W_51  ( metal4 )
Bounds : ( 0.000, 505.810 ) ( 139.280, 506.210 )


OVERLAP: Blockage of Cell IOFILLER_W_50 & Blockage of Cell IOFILLER_W_51  ( metal5 )
Bounds : ( 0.000, 505.810 ) ( 139.280, 506.210 )


OVERLAP: Blockage of Cell IOFILLER_W_50 & Blockage of Cell IOFILLER_W_51  ( metal6 )
Bounds : ( 0.000, 505.810 ) ( 139.280, 506.210 )


OVERLAP: Cell IOFILLER_W_51 & Cell IOFILLER_W_50
Bounds : ( 0.000, 505.810 ) ( 140.120, 506.210 )


OVERLAP: Blockage of Cell IOFILLER_W_55 & Blockage of Cell IOFILLER_W_54  ( metal1 )
Bounds : ( 0.000, 677.370 ) ( 139.280, 677.770 )


OVERLAP: Blockage of Cell IOFILLER_W_55 & Blockage of Cell IOFILLER_W_54  ( metal2 )
Bounds : ( 0.000, 677.370 ) ( 139.280, 677.770 )


OVERLAP: Blockage of Cell IOFILLER_W_55 & Blockage of Cell IOFILLER_W_54  ( metal3 )
Bounds : ( 0.000, 677.370 ) ( 139.280, 677.770 )


OVERLAP: Blockage of Cell IOFILLER_W_55 & Blockage of Cell IOFILLER_W_54  ( metal4 )
Bounds : ( 0.000, 677.370 ) ( 139.280, 677.770 )


OVERLAP: Blockage of Cell IOFILLER_W_55 & Blockage of Cell IOFILLER_W_54  ( metal5 )
Bounds : ( 0.000, 677.370 ) ( 139.280, 677.770 )


OVERLAP: Blockage of Cell IOFILLER_W_55 & Blockage of Cell IOFILLER_W_54  ( metal6 )
Bounds : ( 0.000, 677.370 ) ( 139.280, 677.770 )


OVERLAP: Cell IOFILLER_W_54 & Cell IOFILLER_W_55
Bounds : ( 0.000, 677.370 ) ( 140.120, 677.770 )


OVERLAP: Blockage of Cell IOFILLER_W_53 & Blockage of Cell IOFILLER_W_52  ( metal1 )
Bounds : ( 0.000, 591.590 ) ( 139.280, 591.990 )


OVERLAP: Blockage of Cell IOFILLER_W_53 & Blockage of Cell IOFILLER_W_52  ( metal2 )
Bounds : ( 0.000, 591.590 ) ( 139.280, 591.990 )


OVERLAP: Blockage of Cell IOFILLER_W_53 & Blockage of Cell IOFILLER_W_52  ( metal3 )
Bounds : ( 0.000, 591.590 ) ( 139.280, 591.990 )


OVERLAP: Blockage of Cell IOFILLER_W_53 & Blockage of Cell IOFILLER_W_52  ( metal4 )
Bounds : ( 0.000, 591.590 ) ( 139.280, 591.990 )


OVERLAP: Blockage of Cell IOFILLER_W_53 & Blockage of Cell IOFILLER_W_52  ( metal5 )
Bounds : ( 0.000, 591.590 ) ( 139.280, 591.990 )


OVERLAP: Blockage of Cell IOFILLER_W_53 & Blockage of Cell IOFILLER_W_52  ( metal6 )
Bounds : ( 0.000, 591.590 ) ( 139.280, 591.990 )


OVERLAP: Cell IOFILLER_W_52 & Cell IOFILLER_W_53
Bounds : ( 0.000, 591.590 ) ( 140.120, 591.990 )


OVERLAP: Blockage of Cell IOFILLER_W_48 & Blockage of Cell IOFILLER_W_49  ( metal6 )
Bounds : ( 0.000, 420.030 ) ( 139.280, 420.430 )


OVERLAP: Blockage of Cell IOFILLER_W_48 & Blockage of Cell IOFILLER_W_49  ( metal5 )
Bounds : ( 0.000, 420.030 ) ( 139.280, 420.430 )


OVERLAP: Blockage of Cell IOFILLER_W_48 & Blockage of Cell IOFILLER_W_49  ( metal4 )
Bounds : ( 0.000, 420.030 ) ( 139.280, 420.430 )


OVERLAP: Blockage of Cell IOFILLER_W_48 & Blockage of Cell IOFILLER_W_49  ( metal3 )
Bounds : ( 0.000, 420.030 ) ( 139.280, 420.430 )


OVERLAP: Blockage of Cell IOFILLER_W_48 & Blockage of Cell IOFILLER_W_49  ( metal2 )
Bounds : ( 0.000, 420.030 ) ( 139.280, 420.430 )


OVERLAP: Blockage of Cell IOFILLER_W_48 & Blockage of Cell IOFILLER_W_49  ( metal1 )
Bounds : ( 0.000, 420.030 ) ( 139.280, 420.430 )


OVERLAP: Blockage of Cell IOFILLER_S_68 & Blockage of Cell IOFILLER_S_57  ( metal1 )
Bounds : ( 406.790, 0.000 ) ( 407.180, 139.280 )


OVERLAP: Blockage of Cell IOFILLER_S_68 & Blockage of Cell IOFILLER_S_57  ( metal2 )
Bounds : ( 406.790, 0.000 ) ( 407.180, 139.280 )


OVERLAP: Blockage of Cell IOFILLER_S_68 & Blockage of Cell IOFILLER_S_57  ( metal3 )
Bounds : ( 406.790, 0.000 ) ( 407.180, 139.280 )


OVERLAP: Blockage of Cell IOFILLER_S_68 & Blockage of Cell IOFILLER_S_57  ( metal4 )
Bounds : ( 406.790, 0.000 ) ( 407.180, 139.280 )


OVERLAP: Blockage of Cell IOFILLER_S_68 & Blockage of Cell IOFILLER_S_57  ( metal5 )
Bounds : ( 406.790, 0.000 ) ( 407.180, 139.280 )


OVERLAP: Blockage of Cell IOFILLER_S_68 & Blockage of Cell IOFILLER_S_57  ( metal6 )
Bounds : ( 406.790, 0.000 ) ( 407.180, 139.280 )


OVERLAP: Cell IOFILLER_S_57 & Cell IOFILLER_S_68
Bounds : ( 406.790, 0.000 ) ( 407.180, 140.120 )


OVERLAP: Cell IOFILLER_S_59 & Cell IOFILLER_S_70
Bounds : ( 626.710, 0.000 ) ( 627.110, 140.120 )


OVERLAP: Cell IOFILLER_S_69 & Cell IOFILLER_S_58
Bounds : ( 516.750, 0.000 ) ( 517.150, 140.120 )


OVERLAP: Blockage of Cell IOFILLER_S_70 & Blockage of Cell IOFILLER_S_59  ( metal6 )
Bounds : ( 626.710, 0.000 ) ( 627.110, 139.280 )


OVERLAP: Blockage of Cell IOFILLER_S_70 & Blockage of Cell IOFILLER_S_59  ( metal5 )
Bounds : ( 626.710, 0.000 ) ( 627.110, 139.280 )


OVERLAP: Blockage of Cell IOFILLER_S_70 & Blockage of Cell IOFILLER_S_59  ( metal4 )
Bounds : ( 626.710, 0.000 ) ( 627.110, 139.280 )


OVERLAP: Blockage of Cell IOFILLER_S_70 & Blockage of Cell IOFILLER_S_59  ( metal3 )
Bounds : ( 626.710, 0.000 ) ( 627.110, 139.280 )


OVERLAP: Blockage of Cell IOFILLER_S_70 & Blockage of Cell IOFILLER_S_59  ( metal2 )
Bounds : ( 626.710, 0.000 ) ( 627.110, 139.280 )


OVERLAP: Blockage of Cell IOFILLER_S_70 & Blockage of Cell IOFILLER_S_59  ( metal1 )
Bounds : ( 626.710, 0.000 ) ( 627.110, 139.280 )


OVERLAP: Blockage of Cell IOFILLER_S_58 & Blockage of Cell IOFILLER_S_69  ( metal6 )
Bounds : ( 516.750, 0.000 ) ( 517.150, 139.280 )


OVERLAP: Blockage of Cell IOFILLER_S_58 & Blockage of Cell IOFILLER_S_69  ( metal5 )
Bounds : ( 516.750, 0.000 ) ( 517.150, 139.280 )


OVERLAP: Blockage of Cell IOFILLER_S_58 & Blockage of Cell IOFILLER_S_69  ( metal4 )
Bounds : ( 516.750, 0.000 ) ( 517.150, 139.280 )


OVERLAP: Blockage of Cell IOFILLER_S_58 & Blockage of Cell IOFILLER_S_69  ( metal3 )
Bounds : ( 516.750, 0.000 ) ( 517.150, 139.280 )


OVERLAP: Blockage of Cell IOFILLER_S_58 & Blockage of Cell IOFILLER_S_69  ( metal2 )
Bounds : ( 516.750, 0.000 ) ( 517.150, 139.280 )


OVERLAP: Blockage of Cell IOFILLER_S_58 & Blockage of Cell IOFILLER_S_69  ( metal1 )
Bounds : ( 516.750, 0.000 ) ( 517.150, 139.280 )


OVERLAP: Blockage of Cell IOFILLER_W_45 & Blockage of Cell IOFILLER_W_44  ( metal1 )
Bounds : ( 0.000, 248.460 ) ( 139.280, 248.850 )


OVERLAP: Blockage of Cell IOFILLER_W_45 & Blockage of Cell IOFILLER_W_44  ( metal2 )
Bounds : ( 0.000, 248.460 ) ( 139.280, 248.850 )


OVERLAP: Blockage of Cell IOFILLER_W_45 & Blockage of Cell IOFILLER_W_44  ( metal3 )
Bounds : ( 0.000, 248.460 ) ( 139.280, 248.850 )


OVERLAP: Blockage of Cell IOFILLER_W_45 & Blockage of Cell IOFILLER_W_44  ( metal4 )
Bounds : ( 0.000, 248.460 ) ( 139.280, 248.850 )


OVERLAP: Blockage of Cell IOFILLER_W_45 & Blockage of Cell IOFILLER_W_44  ( metal5 )
Bounds : ( 0.000, 248.460 ) ( 139.280, 248.850 )


OVERLAP: Blockage of Cell IOFILLER_W_45 & Blockage of Cell IOFILLER_W_44  ( metal6 )
Bounds : ( 0.000, 248.460 ) ( 139.280, 248.850 )


OVERLAP: Cell IOFILLER_W_44 & Cell IOFILLER_W_45
Bounds : ( 0.000, 248.460 ) ( 140.120, 248.850 )


OVERLAP: Cell IOFILLER_W_47 & Cell IOFILLER_W_46
Bounds : ( 0.000, 334.250 ) ( 140.120, 334.640 )


OVERLAP: Blockage of Cell IOFILLER_W_46 & Blockage of Cell IOFILLER_W_47  ( metal6 )
Bounds : ( 0.000, 334.250 ) ( 139.280, 334.640 )


OVERLAP: Blockage of Cell IOFILLER_W_46 & Blockage of Cell IOFILLER_W_47  ( metal5 )
Bounds : ( 0.000, 334.250 ) ( 139.280, 334.640 )


OVERLAP: Blockage of Cell IOFILLER_W_46 & Blockage of Cell IOFILLER_W_47  ( metal4 )
Bounds : ( 0.000, 334.250 ) ( 139.280, 334.640 )


OVERLAP: Blockage of Cell IOFILLER_W_46 & Blockage of Cell IOFILLER_W_47  ( metal3 )
Bounds : ( 0.000, 334.250 ) ( 139.280, 334.640 )


OVERLAP: Blockage of Cell IOFILLER_W_46 & Blockage of Cell IOFILLER_W_47  ( metal2 )
Bounds : ( 0.000, 334.250 ) ( 139.280, 334.640 )


OVERLAP: Blockage of Cell IOFILLER_W_46 & Blockage of Cell IOFILLER_W_47  ( metal1 )
Bounds : ( 0.000, 334.250 ) ( 139.280, 334.640 )


OVERLAP: Blockage of Cell IOFILLER_S_66 & Blockage of Cell IOFILLER_S_55  ( metal6 )
Bounds : ( 186.850, 0.000 ) ( 187.240, 139.280 )


OVERLAP: Blockage of Cell IOFILLER_W_43 & Blockage of Cell IOFILLER_W_42  ( metal1 )
Bounds : ( 0.000, 162.670 ) ( 139.280, 163.060 )


OVERLAP: Blockage of Cell IOFILLER_W_43 & Blockage of Cell IOFILLER_W_42  ( metal2 )
Bounds : ( 0.000, 162.670 ) ( 139.280, 163.060 )


OVERLAP: Blockage of Cell IOFILLER_W_43 & Blockage of Cell IOFILLER_W_42  ( metal3 )
Bounds : ( 0.000, 162.670 ) ( 139.280, 163.060 )


OVERLAP: Blockage of Cell IOFILLER_W_43 & Blockage of Cell IOFILLER_W_42  ( metal4 )
Bounds : ( 0.000, 162.670 ) ( 139.280, 163.060 )


OVERLAP: Blockage of Cell IOFILLER_W_43 & Blockage of Cell IOFILLER_W_42  ( metal5 )
Bounds : ( 0.000, 162.670 ) ( 139.280, 163.060 )


OVERLAP: Blockage of Cell IOFILLER_W_43 & Blockage of Cell IOFILLER_W_42  ( metal6 )
Bounds : ( 0.000, 162.670 ) ( 139.280, 163.060 )


OVERLAP: Cell IOFILLER_W_42 & Cell IOFILLER_W_43
Bounds : ( 0.000, 162.670 ) ( 140.120, 163.060 )


OVERLAP: Cell IOFILLER_S_56 & Cell IOFILLER_S_67
Bounds : ( 296.820, 0.000 ) ( 297.210, 140.120 )


OVERLAP: Blockage of Cell IOFILLER_S_67 & Blockage of Cell IOFILLER_S_56  ( metal6 )
Bounds : ( 296.820, 0.000 ) ( 297.210, 139.280 )


OVERLAP: Blockage of Cell IOFILLER_S_67 & Blockage of Cell IOFILLER_S_56  ( metal5 )
Bounds : ( 296.820, 0.000 ) ( 297.210, 139.280 )


OVERLAP: Blockage of Cell IOFILLER_S_67 & Blockage of Cell IOFILLER_S_56  ( metal4 )
Bounds : ( 296.820, 0.000 ) ( 297.210, 139.280 )


OVERLAP: Blockage of Cell IOFILLER_S_67 & Blockage of Cell IOFILLER_S_56  ( metal3 )
Bounds : ( 296.820, 0.000 ) ( 297.210, 139.280 )


OVERLAP: Blockage of Cell IOFILLER_S_67 & Blockage of Cell IOFILLER_S_56  ( metal2 )
Bounds : ( 296.820, 0.000 ) ( 297.210, 139.280 )


OVERLAP: Blockage of Cell IOFILLER_S_67 & Blockage of Cell IOFILLER_S_56  ( metal1 )
Bounds : ( 296.820, 0.000 ) ( 297.210, 139.280 )


OVERLAP: Cell IOFILLER_S_55 & Cell IOFILLER_S_66
Bounds : ( 186.850, 0.000 ) ( 187.240, 140.120 )


OVERLAP: Blockage of Cell IOFILLER_S_66 & Blockage of Cell IOFILLER_S_55  ( metal5 )
Bounds : ( 186.850, 0.000 ) ( 187.240, 139.280 )


OVERLAP: Blockage of Cell IOFILLER_S_66 & Blockage of Cell IOFILLER_S_55  ( metal4 )
Bounds : ( 186.850, 0.000 ) ( 187.240, 139.280 )


OVERLAP: Blockage of Cell IOFILLER_S_66 & Blockage of Cell IOFILLER_S_55  ( metal3 )
Bounds : ( 186.850, 0.000 ) ( 187.240, 139.280 )


OVERLAP: Blockage of Cell IOFILLER_S_66 & Blockage of Cell IOFILLER_S_55  ( metal2 )
Bounds : ( 186.850, 0.000 ) ( 187.240, 139.280 )


OVERLAP: Blockage of Cell IOFILLER_S_66 & Blockage of Cell IOFILLER_S_55  ( metal1 )
Bounds : ( 186.850, 0.000 ) ( 187.240, 139.280 )



Begin Summary ...
  Cells       : 0
  SameNet     : 0
  Wiring      : 0
  Antenna     : 0
  Short       : 0
  Overlap     : 343
End Summary

  Total Violations : 343 Viols.
