 
****************************************
Report : area
Design : Deco
Version: N-2017.09-SP2
Date   : Sat May 29 01:14:21 2021
****************************************

Information: Updating design information... (UID-85)
Warning: Design 'Deco' contains 1 high-fanout nets. A fanout number of 1000 will be used for delay calculations involving these nets. (TIM-134)
Library(s) Used:

    fsa0m_a_generic_core_tt1p8v25c (File: /home/raid7_2/userb07/b07163/turboDecoder/syn/fsa0m_a_generic_core_tt1p8v25c.db)

Number of ports:                         5465
Number of nets:                         25750
Number of cells:                        20309
Number of combinational cells:          18479
Number of sequential cells:              1692
Number of macros/black boxes:               0
Number of buf/inv:                       5439
Number of references:                      47

Combinational area:             380781.877897
Buf/Inv area:                    53996.543511
Noncombinational area:          100968.538307
Macro/Black Box area:                0.000000
Net Interconnect area:      undefined  (Wire load has zero net area)

Total cell area:                481750.416204
Total area:                 undefined
1
