  1 1111111110110111111111011011111111111101111111110110111111111111011111111000001111111101100
  2 1111111100000111111110101011111111000001111111011010111111110010011111111010101111111100100
  3 1111110100010111111010100011111101100001111110111010111111011001011111101110101111110110010
  4 1111101010110111110111101011111011101101111101110000111111001000011111011110101111110010000
  5 1111111011100111111101011011111110111001111111011100111111101101011111110111001111111011010
  6 1111110110100111111100001011111110000101111110101100111111100010011111110000101111111000100
  7 1111111101100111111110011011111111101101111111100110111111111110011111111001101111111111100
  8 1111111011100111111101111011111110111001111110111110111111100110011111110111101111111011000
  9 1111111011000111111111011011111110110101111111110110111111110101011111111001001111111101010
 10 1111110100100111111100110011111101110001111111101110111111110100011111111011101111111101000
 11 1111101100110111111101010011111100101101111111001010111111010111011111110101001111110101110
 12 1111100100100111111001000011111011100001111110111010111111010110011111101110101111110101100
 13 1111111011100111111111100011111110111101111111111110111111110110011111111111101111111101100
 14 1111111001010111111101010011111110000001111111110010111111111001011111111100101111111110010
 15 1111110110010111111101010011111101000101111111100110111111011110011111111001101111110111100
 16 1111110011010111111001111011111100001001111110110110111111101101011111101101101111111011010
 17 1111111100100111111110000011111111100001111111100110000000001000011111111001100000000010000
 18 1111110111100000000100100011111111000101111110111000111111101000000000010010001111111100010
 19 0000000001100111111110011000000000011001111111101000000000001101011111111010000000000011010
 20 0000000001010000000100011000000000100001111111000010111111101110000000001111101111111110110
 21 1111111011110111111111011011111110111101111111110110000000010101011111111010100000000101010
 22 1111110100000000000100110011111101011101111111110110111111101111000000000010101111111011110
 23 1111101000110111111110000011111011010001111111000110000000110111011111111000000000001101110
 24 1111011101100000001001000011111001000101111111001010111111010111000000001101101111110101110
 25 0000000000110111111111011011111111101001111111110110000000000111011111111010001111111111010
 26 0000000000010000000010101000000000000101111111011010111111111011000000001001101111111111000
 27 0000000000010111111011111000000000011101111111010110000000100011011111110101100000000000010
 28 0000000011010000000110001000000000110101111110100010111111011011000000010111101111111100010
 29 1111111111100111111110010011111111111001111111101000000000000101011111111010000000000010110
 30 1111111010110000000010010000000000011001111111001100111111101001000000001001000000000001100
 31 1111111101110111111101011000000000000100000000101010000000000001000000001010101111111101000
 32 1111111010100111111110010011111111011001111110101100000000100010011111111001000000000010100
 33 1111111101100111111110000011111111100000000000011000111111111000000000000110001111111101100
 34 1111111010010111111100101011111111001001111111000100000000010111011111110010100000000011100
 35 1111111110010111111110000011111111100100000000011110111111110000000000000111101111111010110
 36 1111111011010111111100111011111110110101111111011100000000011110011111110111000000000101100
 37 1111111011100111111111010011111111000100000000001000111111111000000000000010001111111110000
 38 1111110010110111111100111011111101101101111111100100000000010011011111111001000000000100110
 39 1111111101000111111101100011111111011000000000011110111111110110000000000111101111111100110
 40 1111111000100111111011110011111111000001111110110000000000011110011111101111000000000100000
 41 1111111100110000000001000011111111011000000000001100000000001010011111111101000000000100010
 42 1111110111000000000001110011111110100100000000001110000000001000011111111100100000000010000
 43 1111101111100000000000110011111101010100000000010100000000011101011111111101000000000111010
 44 1111101000000000000101100011111100000100000000001010000000001100011111111101100000000011000
 45 1111100000100000000000100011111010110100000000011100000000111011011111111110000000001110110
 46 1111011001000000001001010011111001100100000000000110000000010000011111111110100000000100000
 47 0000000000000000000001000011111111101000000000010000000000000111011111111100000000000000000
 48 1111111111010000000000111011111111101100000000011110000000000111011111111100100000000000110
 49 1111111110100000000010100011111111110000000000011000000000000111011111111010000000000001000
 50 1111111101110000000000111011111111110100000000110010000000010001011111111100100000000000110
 51 1111111010110111111111100011111110111100000000001010000000001011000000000010000000000010110
 52 1111110011000000000011001011111101101101111111100110000000001001000000000110100000000010010
 53 1111101001010111111101010011111100001000000000011010000000100111000000000110100000001001110
 54 1111011110110000000110110011111010011001111111000010000000010001000000001111100000000100010
 55 1111111101110111111101011011111111110000000000101010000000001000000000001010100000000001000
 56 1111111100000000000011000011111111010101111110101100000000011110000000001100000000000010110
 57 0000000000010111111101111011111111111100000000010100111111111101000000000101000000000000110
 58 1111111101010111111110111011111111010101111111010000000000010100011111111011100000000100000
 59 1111111111000111111101111000000000010001111111100000111111111000011111111000000000000001010
 60 1111111011110111111101001000000001011001111110110100111111100101011111110100100000000100010
 61 1111110100010111111000011000000010100101111110110100111111010111011111101101000000001010010
 62 1111101100110111111000101000000011110101111101011000111111001111011111100010100000001100010
 63 1111111011110111111110011000000001000101111111110010111111110001011111111100100000000011110
 64 1111110011110111111011000000000010100101111111001100111111110010011111110011000000000011100
 65 1111101001000111111011001000000100100101111111010110111110111111011111110101100000010000010
 66 1111011110010111110100110000000110100101111110011000111111100100011111100110000000000111000
 67 1111111110010111111101101000000000011101111111100000111111110111011111111000000000000100010
 68 1111111010110111111111010000000001110001111111010000111111100100011111111101000000000101010
 69 1111110100100111111100001000000010110101111110110000111111110010011111110000100000000011100
 70 1111101110010111111101010000000011111001111110110100111111001100011111110101000000001101000
 71 1111111011100111111110010000000001000001111111100100111111110000011111110101100000000100000
 72 1111110110100111111101001000000010000101111111011110111111100100011111110111100000000111000
 73 0000000001000111111101011011111111110001111111010110111111111010011111110101100000000011010
 74 1111111111100111111101111000000000000101111110101100111111100000011111110111100000000000010
 75 0000000000100111111111001011111111111001111111110010000000000111011111111001101111111100100
 76 1111111111100000000010001011111111110101111111101100111111111010000000000101001111111111100
 77 1111111111000111111110101000000000010001111111101010000000100001011111110111001111111011000
 78 1111111011110000000110001000000000101101111111101000111111101110000000000110000000000010110
 79 1111110101000111111101011000000010100001111111001010000001001001011111110101101111110110000
 80 1111101101000000001100001000000100010101111111000100111111011100000000001111000000001001000
 81 1111111111010000000000001000000000001100000000000010000000001101011111111110001111111100110
 82 0000000001000000000010010000000000010001111111110110000000000110000000000010100000000001110
 83 1111111110010111111110000000000000010001111111100000000000000111011111110110001111111111000
 84 1111111001000000000010101000000001110101111110110110111111100000000000001010100000000111000
 85 1111101111010111111000000000000011011001111110011000000000100111011111100110001111110110010
 86 1111100101100000000111001000000100111101111101001010111110111000000000011100100000010010000
 87 1111111100100111111110101000000000011101111111111110000000000110011111111111101111111110100
 88 1111110111100000000010100000000001000001111111010100111111111100000000001010000000000001000
 89 1111111111010111111111010000000000001100000000000100000000000011000000000001001111111111010
 90 1111111110110000000001000000000000010101111111110000000000001001000000000100001111111110010
 91 1111111110010111111101000000000000101000000000100000000000001101000000001000001111111110010
 92 1111111101010000000010010000000001001001111110110000000000010111000000001001001111111101010
 93 1111111100010111111000110000000001101000000000111100000000010111000000001111001111111100010
 94 1111111011010000000011100000000010001001111101101000000000100101000000001110001111111011010
 95 1111111011000000000000001000000001001001111111111110111111110111000000000100100000000010010
 96 1111110100000111111111000000000010011101111111111110000000001011011111111111101111111101010
 97 1111101100010111111101001000000011101100000000110110111111111001000000001011100000000001110
 98 1111100011110111111110001000000101001001111110100110000000101011011111111000101111110101010
 99 1111111011010111111110111000000001001100000000010010111111101111000000000100100000000100010
100 1111110101000111111011101000000010110101111111101010000000011110011111111010101111111000100
101 1111111010110111111111011000000001001000000000001110111111110001000000000010100000000011110
102 1111110010100111111011101000000010100101111111101110000000001100011111111011101111111101000
103 1111101000100111111110011000000100001100000000101100111111001001000000000110100000001101110
104 1111011110100111110110101000000101110101111111011110000000100000011111110111101111111000000
105 1111111101010111111110111000000000101000000000010010111111110101000000000101000000000010100
106 1111110111100111111111111000000010000001111111111000000000010010011111111111101111111011100
107 1111110010010000000000000000000010111000000000100010000000001001000000000000001111111101110
108 1111101101000000000001111000000011110001111111101100000000010000000000000101001111111100000
109 1111100111110111111101100000000100101000000000111110000000010101000000001010001111111010110
110 1111100010100000000011111000000101100001111111000100000000101110000000001111001111110100100
111 1111111111100111111101111000000000001000000000011110111111110111000000000111100000000100000
112 1111111111100111111110100000000000001001111111000110000000010101011111111010001111111111100
113 1111111111100111111010110000000000001000000000110110111111110001000000001101100000000100000
114 1111111111100111111101110000000000001001111110010010000000100001011111110111001111111111100
115 1111111111100111110111100000000000001000000001001110111111101011000000010011100000000100000
116 1111111111100111111101000000000000001001111101011110000000101101011111110100001111111111100
117 1111111111100111110100010000000000001000000001100110111111100101000000011001100000000100000
118 1111111111100111111100010000000000001001111100101010000000111001011111110001001111111111100
119 1111111111100111110001000000000000001000000001111110111111011111000000011111100000000100000
120 1111111111100111111011100000000000001001111011110110000001000101011111101110001111111111100
121 1111111111100111101101110000000000001000000010010110111111011001000000100101100000000100000
122 1111111111100111111010110000000000001001111011000010000001010001011111101011001111111111100
123 1111111111100111101010100000000000001000000010101110111111010011000000101011100000000100000
124 1111111111100111111010000000000000001001111010001110000001011101011111101000001111111111100
125 1111111111100111100111010000000000001000000011000110111111001101000000110001100000000100000
126 1111111111100111111001010000000000001001111001011010000001101001011111100101001111111111100
127 1111111111100111100100000000000000001000000011011110111111000111000000110111100000000100000
128 1111111111100111111000100000000000001001111000100110000001110101011111100010001111111111100
129 1111111111100111100000110000000000001000000011110110111111000001000000111101100000000100000
130 1111111111100111110111110000000000001001110111110010000010000001011111011111001111111111100
131 1111111011010111111111100000000001000000000000010010000000001001000000000010001111111101110
132 1111110110110000000010001000000001101001111111101000000000001001000000000110001111111101110
133 1111111100000111111110011000000001000000000000000010000000010011000000000000101111111011010
134 1111110110000000000101000000000010001101111111010110000000001010000000001010101111111101100
135 1111111110010111111111101000000000011100000000000100000000000111000000000001001111111101010
136 1111111010010000000010011000000001000001111111101000000000001001000000000110001111111101110
137 1111111100110111111101101000000000010000000000011000000000000111000000000110001111111111000
138 1111110111110000000010000000000001011101111110110100000000011000000000001000001111111010010
139 1111111110010111111101100000000000011100000000011010000000001010000000000110101111111100110
140 1111110111100000000011011000000001000001111110110000000000010101000000001101101111111100000
141 1111111111010000000001001011111111110100000000000000111111110101000000000000001111111101010
142 1111111101100111111100110011111111110100000000100100111111111101000000001001001111111110100
143 1111111011110000000100001011111110111101111111110100111111010111000000000011001111111011110
144 1111111001010111111001000011111101111000000001100000111111101111000000011000001111111011110
145 1111111110000000000001101011111111011101111111110100000000000001000000000011000000000000010
146 1111111011000111111110110011111111000000000000101110111111110100000000000101001111111101000
147 1111110110000000000100001011111110000101111111011100111111101011000000001001001111111010110
148 1111110000100111111100000011111101000000000001010110111111101000000000010000001111111010000
149 1111111110000000000010011011111111111001111111100110111111111110000000000110101111111101000
150 1111111011110111111101101011111111101100000001001100111111101011000000001001101111111110110
151 0000000000010000000010101000000000000101111111010110111111111001000000001010101111111110110
152 0000000010000111111101001011111111110100000001010100111111011111000000001011100000000000110
153 1111111010110000000001010011111111001001111111101100111111111001000000000111101111111110010
154 1111110011110111111101011011111110010000000000111110111111110011000000001010101111111100110
155 1111101100110000000111001011111101011001111111001110111111011101000000001100101111110111010
156 1111100101110111111001111011111100100000000010100110111111011011000000011000101111110110110
157 1111111100110000000001111011111111001101111111100010000000001001000000001010100000000010010
158 1111110100110000000001100011111101111100000000100110111111100010011111111010001111111000100
159 1111111101110000000010010011111111101101111111101010000000000101000000000101100000000010000
160 1111111011000000000011001011111110111000000001001000111111101010011111110011101111111011100
161 1111110100010000000110110011111101000101111110111110000000110000000000010000100000001011110
162 1111101011000000001000111011111011010000000010010000111111010100011111011100101111110101000
163 1111111110100000000010100000000000011001111111100000111111111010000000001000000000000010100
164 1111111100000111111110010000000000101100000001010010111111100010000000000111000000000010110
165 1111111101100000000000010011111111011001111111111000000000001100000000000001000000000100100
166 1111111100000000000010101011111110110100000000001000111111111001011111111110001111111110010
167 1111110110000000000000110011111101110001111111101000000000100110000000000011000000001001000
168 1111110000000000000111011011111100101100000000010000111111101111011111111100001111111011110
169 1111101001000000000001010011111011101001111111010100000001010000000000000101000000010001100
170 1111100010000000001101001011111010100100000000011000111111100101011111111010001111111001010
171 1111011011000000000001110011111001100001111111000000000010000010000000000111000000011010000
172 1111010100000000010011101011111000011100000000100000111111011011011111111000001111110110110
173 1111111111000000000001110011111111101000000000001100000000000100011111111101000000000001110
174 0000000000100000000011011011111111110100000000111000000000000111011111110010101111111111100
175 0000000010000000000101100000000000100000000000010000000000101110011111111100000000000101010
176 0000000001000000001000001000000000101100000001111000000000000111011111100010000000000001000
177 1111111101110000000001111011111111011000000000011110111111111010011111110101101111111110100
178 1111111010010111111100010011111110111000000001001000000000011110000000001111000000000100100
179 1111111100010000000010010011111111100000000000100100111111110111011111110111001111111110000
180 1111110110010111111110010011111110101000000001000100000000100111000000000111000000000101100
181 1111111110000000000000011011111111010100000000000110111111111000011111111011101111111101000
182 1111111001100111111101010011111110101100000000011010000000000110000000000110100000000001100
183 1111110001000000000011101011111101000100000000110100111111011000011111110011001111110110000
184 1111100110100111111000110011111010111100000001011010000000101110000000010110100000001011100
185 1111111111110000000010001011111111111100000000100010111111110111011111110110001111111011100
186 0000000000100111111101010000000000001000000001000000000000010111000000001011000000000000110
187 1111111111000000000010011011111111110000000000100010111111111001011111110111101111111101000
188 1111111001100111111101011011111110101000000001001100000000100010000000001010100000000101100
189 1111101111100000000111100011111101000000000001100110111111010001011111100110101111110100010
190 1111100101100111110110111011111011011000000010100100000001000100000000100100100000010001000
191 1111111111000000000001111011111111101100000000011110000000000111011111111000000000000001000
192 1111111110100000000001100011111111101000000000110100000000011101011111111010000000000011010
193 1111111110000000000100111011111111100100000001011000000000010100011111101100100000000001110
194 1111111101000000000011100011111111010000000001101000000000111100011111110010000000000011110
195 1111111100000000001000001011111110111100000010011000000000100101011111011111100000000100000
196 1111111001110000000101110011111110011100000010011100000001011100011111101001000000000110010
197 1111111101100000000001110011111111010000000000010000000000000110011111111100000000000001100
198 1111111000100000000001111011111110000100000000110010000000010000011111111000100000000100000
199 1111111110110000000001000011111111100000000000010100000000000101011111111100000000000011000
200 1111111000100000000000010011111110100100000000001010000000010100011111111111000000000101000
201 1111110011110000000000010011111101110100000000110000000000001111011111111111000000000011110
202 1111101101110000000011001011111101000100000000010010000000011100011111111011100000000111000
203 1111100100100000000010000011111011100000000001010000000000100011011111111000000000001000110
204 1111011011010000000110000011111001111100000000101110000000110100011111110100100000001101000
205 1111111101110000000001111011111111011100000000011110000000010000011111110101100000000101010
206 1111111011000000000001011011111111010000000000100010000000011100011111111010100000000011000
207 1111111001000000000011010011111110111100000001011010000000001011011111110011000000000010110
208 1111110111000000000001011011111110101000000001000110000000111110011111111010100000000101100
209 1111110101000000000101100011111110010100000010100010000000001011011111101010000000000010110
210 1111110011000000000001011011111110000000000001101010000001100100011111111010100000001000000
211 1111110001000000000111110011111101101100000011101110000000001011011111100001000000000010110
212 1111101111000000000001011011111101011000000010001110000010001010011111111010100000001010100
213 1111101101000000001010000011111101000100000100111010000000001011011111011000000000000010110
214 1111101011000000000001011011111100110000000010110010000010110000011111111010100000001101000
215 1111101001000000001100010011111100011100000110000110000000001011011111001111000000000010110
216 1111100111000000000001011011111100001000000011010110000011010110011111111010100000001111100
217 1111100101000000001110100011111011110100000111010010000000001011011111000110000000000010110
218 1111100011000000000001011011111011100000000011111010000011111100011111111010100000010010000
219 1111100001000000010000110011111011001100001000011110000000001011011110111101000000000010110
220 1111011111000000000001011011111010111000000100011110000100100010011111111010100000010100100
221 1111011101000000010011000011111010100100001001101010000000001011011110110100000000000010110
222 1111011011000000000001011011111010010000000101000010000101001000011111111010100000010111000
223 1111011001000000010101010011111001111100001010110110000000001011011110101011000000000010110
224 1111010111000000000001011011111001101000000101100110000101101110011111111010100000011001100
225 1111111110000000000000101011111111111100000000001010000000000001011111111101000000000001110
226 1111111101010111111111110000000000010000000000001000111111111111000000000001000000000000010
227 1111111010010111111111010000000000111101111111101110111111110011011111111101000000000011010
228 1111110100000111111100010000000010011101111111100000111111101111011111111000000000000100010
229 1111111011100000000010101000000000101101111111010110111111111110000000001010100000000000100
230 1111110110100111111111101000000001000100000001000000111111010110000000000001100000000100010
231 1111110001100000000110010000000001011101111110000010111111111100000000011001000000000001000
232 1111101100100111111111011000000001110100000010001000111110101100000000000010100000000111010
233 1111100111100000001010110000000010001101111100101110111111111010000000101011000000000001100
234 1111100010100111111111001000000010100100000011010000111110000010000000000011100000001010010
235 1111011101100000001111010000000010111101111011011010111111111000000000111101000000000010000
236 1111011000100111111110111000000011010100000100011000111101011000000000000100100000001101010
237 1111010011100000010011110000000011101101111010000110111111110110000001001111000000000010100
238 1111001110100111111110101000000100000100000101100000111100101110000000000101100000010000010
239 1111111011000000000001101000000001001001111111100110111111110101000000001010000000000010110
240 1111110110000111111100011000000001110000000000110100111111100111000000001101000000000110010
241 1111111110010000000010101000000000010001111111010110111111111100000000001010100000000001110
242 1111111001110111111101000000000000111100000001001010111111011001000000001100000000000011110
243 0000000000010000000001101011111111111101111111101010111111110110000000000101100000000100010
244 1111111101010111111100100000000000101100000000110100111111100101000000001101000000000011000
245 1111111110100000000010001000000000011101111111011110111111111011000000001001000000000001010
246 1111111000010111111101100000000001010000000001001000111111011110000000001010000000000101000
247 1111111110000000000001001000000000011001111111101110000000001000000000000111101111111110100
248 1111111001010000000010011000000001101100000000110010111111101101011111110110100000000100110
249 1111111101010000000001010000000000100001111111110100000000000001000000000011001111111111110
250 1111111010000000000000001000000000111000000000100000111111101110011111111111100000000011100
251 1111110110110000000011110000000001010001111111000100000000000001000000001111001111111111110
252 1111110011100000000000001000000001101000000001011000111111010110011111111111100000000110100
253 1111110000010000000111010000000010000001111110010100000000000001000000011011001111111111110
254 1111101101000000000000001000000010011000000010010000111110111110011111111111100000001001100
255 1111101001110000001010110000000010110001111101100100000000000001000000100111001111111111110
256 1111100110100000000000001000000011001000000011001000111110100110011111111111100000001100100
257 1111100011010000001110010000000011100001111100110100000000000001000000110011001111111111110
258 1111100000000000000000001000000011111000000100000000111110001110011111111111100000001111100
259 1111011100110000010001110000000100010001111100000100000000000001000000111111001111111111110
260 1111011001100000000000001000000100101000000100111000111101110110011111111111100000010010100
261 1111010110010000010101010000000101000001111011010100000000000001000001001011001111111111110
262 1111010011000000000000001000000101011000000101110000111101011110011111111111100000010101100
263 1111001111110000011000110000000101110001111010100100000000000001000001010111001111111111110
264 1111001100100000000000001000000110001000000110101000111101000110011111111111100000011000100
265 1111001001010000011100010000000110100001111001110100000000000001000001100011001111111111110
266 1111000110000000000000001000000110111000000111100000111100101110011111111111100000011011100
267 1111000010110000011111110000000111010001111001000100000000000001000001101111001111111111110
268 1110111111100000000000001000000111101000001000011000111100010110011111111111100000011110100
269 1111111111000000000010000000000000011101111111101010111111111101000000000101100000000000110
270 1111111110000000000000001000000000011000000000100110111111101100011111111111100000000001100
271 1111111101110000000011101000000000001001111111000110000000000101000000001110101111111111100
272 1111111101000000000001001011111111111000000001011110111111100000011111111011101111111111100
273 1111111010110000001000001011111111101001111110111010000000010011000000010001100000000001100
274 1111111000100000000011101011111111011000000010110000111111011010011111110001101111111101100
275 1111111110000000000010000011111111101001111111100000111111111010000000001001001111111100000
276 1111111011010000000000110011111111000100000000110000111111100011011111111101001111111100010
277 1111111011000000000100100011111111101001111110101000000000000110000000010010000000000001100
278 1111111011110000000000110000000000001100000001100000111111001101011111111101000000000000110
279 1111111001100000000111100000000000110001111110001100000000010010000000011101001111111101000
280 1111110111010000000011110000000001010100000010100000111110111111011111110001000000000101010
281 1111111011110000000001000000000000110001111111110010000000000101000000000011101111111110110
282 1111110111110000000010001000000000111000000000101100111111111110011111110111100000000000100
283 1111110011110000000100100000000001000000000000000110000000011101011111111110101111111100000
284 1111101101110000000101001000000001101000000001100100000000001000011111101011101111111110000
285 1111111101010000000001110000000000010100000000011000111111111011011111111010000000000011100
286 1111110111100111111101011000000001100100000001000010000000011000000000001010101111111010000
287 1111111111100000000000111000000000001001111111111110111111110110000000000000100000000100110
288 1111111101110111111110011000000000100100000000011000000000000011000000000110001111111111010
289 1111111000100000000010000000000001111000000000001110111111100111011111111100100000000110010
290 1111110001010111111011011000000011101100000000101000000000001011000000001010001111111101010
291 1111111111100000000010001000000000001000000000100010111111111110011111110111000000000010010
292 1111111111000111111111010000000000010000000000111010000000011100000000000011001111111110000
293 1111111101100000000101101000000000101000000001010000111111110010011111101100000000000011010
294 1111111011000111111101010000000001110000000001111010000000111010000000001011001111111011000
295 1111111101010000000001001000000000011100000000010000111111111110011111111100000000000000100
296 1111111011100111111101011000000000010100000000101010000000010100000000001010101111111110110
297 1111111001100000000101101000000001000100000001000000111111011000011111110000000000000100010
298 1111110111100111111000101000000001110100000010001010000000101100000000011101101111111000110
299 0000000000100000000001011011111111111000000000001010111111110100011111111101100000000100110
300 1111111110000111111111000000000000000100000000011010000000000011000000000100001111111111110
301 1111111010000000000001111000000000100000000000000010111111111000011111111111100000000010110
302 1111110100100111111111000000000001000000000000100010111111111111000000000100000000000000010
303 1111101111000000000010101000000001100001111111111010111111110101000000000001100000000010110
304 1111101001010111111110010000000010000100000000110010111111111011000000000111000000000001010
305 1111100010000000000011101000000011000001111111110010111111101111000000000011100000000100010
306 1111011010110111111101100000000011111100000001000010111111110111000000001010000000000010010
307 0000000000110000000001011011111111110100000000010110000000001010011111110111101111111101000
308 0000000001010000000011001011111111101100000000110010000000010010011111110011101111111101110
309 0000000010110000000101101011111111010100000001000100000000101100011111101111001111111100000
310 0000000111000000000111111011111110101100000010000010000000110010011111100000101111111010110
311 0000000000000000000001000000000000000000000000010010000000000111011111111100001111111101100
312 1111111110010000000001011000000000011000000000011000000000001100011111111010101111111110100
313 1111111001100000000010000000000001101000000000011110000000010010011111111000101111111011100
314 1111110010010000000011001000000010111000000000101000000000010010011111110110001111111011100
315 1111111010110000000001111000000001010100000000011110000000010101011111111000101111111010110
316 1111110101000000000101011000000010010100000000111100000000100100011111110001001111110111000
317 1111111011010000000001010000000001000000000000010100000000010000011111111000001111111100000
318 1111110100000000000101100000000010011100000000110110000000011000011111110010101111111010000
319 1111111100110000000010011000000000011000000000010110000000000110011111111010101111111110100
320 1111111000110000000100001000000000100000000001001100000000001100011111101111101111111110000
321 1111110001110000000111001000000001111000000000011010000000111100011111111001101111111000100
322 1111101010110000001010111000000011010000000010011000000000001110011111011010001111111100100
323 0000000100100111111110110011111111010101111111110010000000000101011111111100101111111110110
324 0000001000110000000000000011111110011101111111110000111111100111000000000000000000000110010
325 0000001011110111111101011011111101111001111110101100111111111011011111110101100000000001010
326 0000001110110111111110110011111101010101111110101000111111000101011111111011000000001010110
327 0000010001110111110111101011111100110001111101100110111111110001011111011110100000000011110
328 0000010100110111111101100011111100001101111101001100111110100001011111110110000000001111010
329 0000000011010111111110000011111111001101111111100010111111110011011111111000100000000100110
330 0000001011000111111011111011111101111101111110110110111111100010011111101111100000000111100
331 0000000100010111111101100011111111011001111111011000111111110110011111110110000000000100000
332 0000001000010111111110011011111111000101111110110100111111100100011111111001100000000011110
333 0000000011110111111110001000000000011001111111100010000000000001011111110110000000000000010
334 0000000100000000000000001000000000000101111111010100111111101110000000000000101111111111110
335 0000000011110111111011101011111111110001111111001100111111111111011111110011000000000000010
336 0000000101110111111111101011111111011101111110011010111111010101011111111110100000000010010
337 0000000001110111111101011011111111100101111111100000111111110101011111111000000000000100100
338 0000000110000111111100100011111111000001111110101100111111100101011111110010000000000100000
339 0000001101110111110111111011111101001001111110110100111111001100011111101101000000001011100
340 0000010110000111110110100011111011010001111101010000111111001111011111011010000000001100010
341 0000000010110111111101110011111111010101111111101010000000010001011111111010101111111010110
342 0000001010010000000100100011111110100001111111000010111111101111000000001111100000000100010
343 0000000001100111111110110000000000011001111111110000111111111111011111111100001111111111110
344 0000000001000111111111100011111111110001111111011010111111110100011111111110000000000010000
345 0000000010110111111110100011111111010001111111101000000000001011011111110110101111111100110
346 0000001001000000000100101011111110000101111110111110111111101000000000010000100000000110000
347 0000000100000111111111110011111111000001111111111100000000010000011111111110101111111100000
348 0000001100000000000010110011111101110000000000000000111111110100000000000000000000000011000
349 0000010110010111111110111011111100000101111111011100000000011100011111111011101111111001000
350 0000100000100000000100010011111010011001111111011100111111101000000000001001000000000110000
351 0000000100100111111111000011111111011001111111111100000000001010011111111111001111111100110
352 0000001100100000000011011011111110001001111111100000111111101111000000001000000000000100010
353 0000000011000111111101110011111111101100000000100100000000000101000000001001001111111101110
354 0000000110110000000001100011111111100101111111001010000000011101000000000110001111111110010
355 0000001101110111111010010011111110101000000001010000000000010111000000010100001111111010100
356 0000010101000000000100010011111101101101111101111110000000110011000000010001001111110110110
357 0000000000110111111111000011111111110100000000010110111111110101000000000100000000000100100
358 0000000000010111111100011011111111111101111111001100000000010110011111110011001111111100100
359 1111111110110111111010100000000000010100000001000010111111010000000000010000100000000100110
360 1111111010010111110111101000000001011101111110000100000000101100011111100001001111111001110
361 1111111111110111111101011011111111110000000000100010000000000001000000001000100000000010010
362 0000000010110111111101110011111111010101111110101100000000011111011111110111001111111101010
363 0000001010010111110111110011111101100000000001011010111111010010000000010110100000001010000
364 0000010011000111110110110011111011101101111101001100000000111110011111011011001111110000100
365 0000000010110111111110100011111111010100000000011000111111111000000000001001000000000010000
366 0000001001000111111100101011111110001101111110111110000000011000011111110010101111111010000
367 0000000100010111111110000011111111000100000000100000111111110001000000001000000000000101010
368 0000001011110111111100110011111110000001111111010110000000100001011111110101101111111000000
369 0000000101010111111101101011111110101100000000100000000000010101000000001000001111111010110
370 0000001001110000000110001011111101101001111110110100000000100000000000010011001111111000000
371 0000000010010111111111000011111111101000000000010000000000000110000000000111101111111101010
372 0000000101100000000011101011111111100101111111011010000000010010000000001001101111111110010
373 0000001011010111111010101011111110011100000001000110000000110110000000010001101111111001110
374 0000010001000000001001111011111101010101111101111010000000110100000000100001101111110101010
375 0000000010100111111111001000000000010100000000001110111111111011000000000111001111111101100
376 0000000100010111111111001011111111110001111111101010000000001110011111111100101111111111000
377 0000000101000111111111001011111111001100000000001110000000001100000000000111001111111101000
378 0000000111000000000100111011111110110101111111100100000000001110000000000111001111111100100
379 0000001100010111111100100011111101100100000001000110000001000010000000001110001111110110010
380 0000010001100000001011101011111100010101111110101100000000111000000000010101001111110010000
381 0000000010100111111110100011111111100000000000011000000000001000000000001001101111111101010
382 0000001000000000000011100011111110011001111111001100000000011000000000001101001111111010000
383 0000000000100111111110101000000000001001111111111110111111110010011111111111101111111011110
384 0000000011110111111011101000000000010001111111010100111111111001011111110101001111111111000
385 0000000101010111111110101000000001001101111111101010111111101110011111111010001111111011100
386 0000000110100111111100000000000001001001111111100010111111110000011111111000101111111100000
387 0000000111010111111100011000000001010101111111010100111111010011011111110101001111111010110
388 0000001000000111111000110000000001100001111110101010111111100100011111101010101111111010000
389 0000000101000111111110010000000000110101111111100100111111110011011111111000001111111011110
390 0000001010100111111100010000000001101001111110111010111111101011011111110001001111111010110
391 0000000100110111111101011000000001001001111111100010111111110011011111111000101111111100110
392 0000001100000111111101010000000010011101111110110110111111100010011111110101001111111000100
393 0000000011010111111101011011111111111101111111011110000000000001011111110111101111111110110
394 0000000101110000000000010000000000011101111111001000111111100101000000000001001111111110010
395 0000000111100111111011010000000000110101111110110110111111111001011111101101101111111110010
396 0000001100010111111110000000000001001101111110000100111111001010011111111000001111111011010
397 0000000100100000000000000000000000111100000000000000000000001111011111111010100000000101010
398 0000000111110000000010011000000001010100000000000000111111111001000000000000001111111110010
399 0000001110000111111110101000000010001001111111100100000000011101011111111010100000000111010
400 0000010110000000000110101000000011011001111111010100111111101011000000001011001111111010110
401 0000000011110111111111011000000000111101111111110110000000001011011111111000100000000010110
402 0000001000010000000011011000000010001101111111100010111111110000000000000111101111111100000
403 0000000000000111111101011000000000000001111111010110000000001010011111110101100000000010100
404 0000000000100000000001010000000000001001111110111010111111011110000000000101001111111111100
405 0000000010000111111001000000000000100001111110100010000000001110011111101000100000000011100
406 0000000101100000000010010000000000111001111101100110111111000000000000001001001111111100100
407 0000000100000111111111011000000000110101111111110110000000001101011111111010000000000100110
408 0000001010000000000010111000000001110000000000001000111111110011011111111110001111111100110
409 0000000100010000000000101000000000111000000000001010000000000011011111111101100000000000110
410 0000000110010000000001010000000000101000000000001100000000001010011111111101000000000010100
411 0000000110010000000010001000000000011000000000011110000000010001011111111000100000000001100
412 0000000110010000000011000000000000001000000000111000000000010100011111110100000000000000100
413 0000000100110000000110000011111111111000000000110010000000011111011111110011101111111111100
414 0000000100110000000100110011111111101000000010001000000000100100011111101101001111111110100
415 0000000010100111111111000000000000101000000000010010111111110010000000000100001111111011010
416 0000000110010111111100001000000001111001111111011110000000010010011111110111100000000100100
417 0000000100010111111111001000000001000100000000001000111111101101000000000010001111111011010
418 0000001001110111111100000000000001111101111111111000000000001000011111111110000000000010000
419 0000010001110111111111111000000011010000000000011000111111010011000000000000101111110100110
420 0000011011010111111000100000000100111100000000000100000000010000000000000001000000000100000
421 0000000010100111111111001000000000100100000000001110111111110110000000000110101111111101110
422 0000001001010111111101001000000001100001111111001000000000001101011111110100100000000011010
423 0000000001010111111111110000000000011000000000000100000000000001000000000011000000000000010
424 0000000110110111111111100000000001001001111111111000000000010010011111111110000000000100100
425 0000001100110111111100110000000010011100000001001100111111110111000000001101001111111101110
426 0000010100110111111101000000000011110001111110100000000000111010011111110100000000001110100
427 0000000001110111111101011011111111111000000000101010000000000010000000001010101111111101110
428 0000000100010111111110111000000001000101111110110100000000101010011111111011100000000100010
429 0000001100000111111000010000000010111100000001111110111111100011000000011111001111111000110
430 0000010110100111111001111000000100110101111101001110000001010100011111100111100000010011010
431 0000000101010111111111000000000001001001111111111000000000010010011111111110000000000100100
432 0000001001110000000100111000000001101001111111101110111111111001000000000100101111111110010
433 1111111101010111111111011000000000001100000000001010111111111101000000000101000000000010110
434 1111111100110000000000001000000000000101111111111110000000000001000000000000101111111111100
435 1111111100000000000001011011111111011101111111101010000000001001000000000110100000000011000
436 1111110111100000000000011011111110000000000000010100111111100111011111111110101111111001110
437 1111110011110000000001110011111101010101111110110110000000001101000000000111000000000011010
438 1111110000000000000010111011111100101000000000100100111111001111011111110111001111110011110
439 0000000011100111111111001000000000110000000000001110000000001100000000000111000000000011000
440 0000001010110000000010110000000001101101111111110000000000001111000000000100000000000011110
441 0000010010000111111101101000000010101000000000110010000000100010000000001001100000001000100
442 0000011001010000000101110000000011100101111111000100000000100011000000001111000000001000110
443 0000000011100111111111011000000000000100000000001100000000000001000000000010100000000010000
444 0000000100010000000000111011111111110101111111011100000000000011000000000011101111111110110
445 0000000011010111111100110000000000000000000000001110000000000101000000000011100000000000000
446 0000000001000000000000011000000000000101111111000100000000000110000000000001100000000000010
447 1111111111010111111100000011111111110100000000001010000000000110000000000010100000000001010
448 1111111111010000000001001000000000001101111110110000000000001001000000000100101111111110110
449 0000000010010111111001001000000000100100000000011010000000010000000000000110100000000010010
450 0000000011100000000010111000000000010101111101110010000000001100000000001011100000000001010
451 0000000010110111110101010000000000011000000000010110000000011011000000000101100000000001100
452 0000000010000000000011111000000000011101111100110110000000001010000000001111100000000001110
453 0000000001110111110001110000000000011100000000010010000000100101000000000100100000000010000
454 0000000001100000000101011000000000011101111100000010000000001000000000010101100000000001100
455 0000000001010111101110110000000000010100000000001110000000110001000000000011100000000010000
456 0000000001000000000110111000000000001101111011010110000000000110000000011011100000000000110
457 1111111111110111101100010011111111111100000000001010000000111010000000000010100000000001010
458 1111111111110000000111101000000000000101111010110010000000001010000000011110101111111110100
459 0000000001100111111111011000000000000000000000000100000000000000000000000001000000000010010
460 0000000101000000000010001011111111011001111111100100111111110110000000000111000000000010100
461 0000000011000000000010001011111111010001111111011110111111101101000000001010000000000101010
462 0000001010100111111011001011111110000100000001001010111111011110000000010010100000000111110
463 0000000001000000000001011011111111100001111111101010111111111110000000000101100000000000100
464 0000000011010111111101011011111111011000000000111010111111101111000000001010100000000010100
465 0000000001000000000000000011111111110000000000000000111111110010000000000001100000000100100
466 0000000100100111111100101011111110111100000000000110000000000101000000000001101111111110110
467 0000001100100111111111101011111101010000000000001000111111010100000000000001100000001011000
468 0000010100100111111000110011111011101001111111101110000000000011011111111011101111111111010
469 0000000011110000000001111011111111010101111111100010000000001010000000000111101111111101100
470 0000001010010000000001110011111110100100000000100000111111011100011111111001000000000101110
471 0000000000010000000001010011111111111100000000000110000000000001011111111110101111111110000
472 1111111111000111111110011000000000010100000000100110111111111100000000000110100000000010000
473 0000000000100000000100100000000000001001111111101010111111100001000000000101101111111101000
474 0000000010010111111001111011111111100100000001101100111111110001000000011000100000000001110
475 1111111111100000001001000011111111111001111111011010111111000101000000001001101111111111000
476 1111111011000111110111011000000000111100000010110100111111100010000000100010100000000011110
477 0000000011110000000001010011111111100001111111110000000000000011000000000100001111111111010
478 0000001001110000000010100011111110100100000000101000111111100101011111110110000000000101110
479 0000000101010000000001010011111111000000000000010000000000010000011111111100001111111100000
480 0000000111100000000101100011111111001100000000101000000000000100011111110110001111111111000
481 0000001000010000000011000011111110101000000000000000000001000010000000000000001111111010100
482 0000001010000000001011000011111101110100000000111000111111111100011111110010000000000001000
483 1111111111110000000010010000000000000101111111101100000000000101000000000101001111111101100
484 0000000000110000000010100011111111110100000001001000111111110100011111110110000000000000110
485 0000000011110000000111000011111111000101111111100100000000101010000000000111001111111011110
486 0000000110110000001000000011111101111000000010011000111111100101011111100000000000000110110
487 0000000000100000000001001000000000000001111111101110000000000000000000001000001111111110010
488 0000000010000111111111001000000000000000000000101110111111110110000000000011100000000000000
489 0000000101100000000100111000000000111001111111010010111111110010000000001011101111111010110
490 0000001011000111111101011000000001110000000001111100111111011010000000001010101111111001000
491 0000000001010000000000111011111111110101111111110010000000000100000000000100101111111111010
492 0000000011010111111111110000000000000000000000100000000000000000000000000001000000000000000
493 0000000110000000000001011000000000011101111111111100111111110101000000000001001111111110010
494 0000001000110111111101100000000000111000000000100100111111111100000000001001001111111111000
495 0000001101110000000011101000000001010101111111110100111111100011000000000011001111111010110
496 0000010010110111111011010000000001110000000001010000111111111000000000010011001111111110000
497 0000010111110000000110111000000010001101111111101100111111010001000000000101001111110111010
498 0000011100110111111001000000000010101000000010001100111111110100000000011100001111111101000
499 0000100001110000001011001000000011000101111111100100111110111111000000000111001111110011110
500 0000100110110111110110110000000011100000000011011000111111110000000000100101001111111100000
501 0000000101010000000010101011111110101100000000101010111111101100011111110101100000000101000
502 0000001010100111111010111011111101110100000001001000000000011100000000010010001111111001000
503 0000000100010000000001111000000000101000000000011010111111110101011111111001101111111101100
504 0000000101100111111100011000000000001100000000111100000000001101000000001110100000000000110
505 0000000101010000000101101011111111110000000000011010111111011001011111111001100000000001000
506 0000000111110111111001111011111111010100000001111000000000011000000000011000101111111101010
507 0000000101000000000010000011111111000100000000011110111111111101011111111000100000000000110
508 0000001101100111111101110011111101101100000001000000000000100011000000001001001111110111010
509 0000000010010000000010101011111111011000000000101010111111110111011111110101100000000011110
510 0000000111010111111110001011111110011100000001010000000000101010000000000111101111111001110
511 0000000010000000000001010011111111011100000000010100111111111000011111111001100000000011110
512 0000001000110111111100011011111110011100000000101000000000011000000000001010001111111010000
513 0000000011010111111111001011111111001101111111110010000000000000011111111011000000000000000
514 0000000110100000000000001011111110110100000000000000000000000000000000000000000000000000000
515 0000000010000000000010100000000000001100000000100000111111111101011111111000001111111100010
516 0000000010100111111111111011111111100000000000111110000000011010000000000000101111111110000
517 0000000011010000000101100011111110100100000001001000000000001101011111101110001111111100000
518 0000001001000000000011011011111101101000000001110000000000110100011111110010101111110111000
519 0000000001010000000010101011111111101100000000100110111111111011011111110110100000000001010
520 0000000111010000000000110011111110111100000001000110000000100110011111111101001111111011110
521 0000001101010000000110110011111101111000000001110010000000010001011111100101001111111011110
522 0000010101000000000011100011111100110100000010011110000001001100011111110010001111110011010
523 0000000010000000000010101011111111101100000000100100000000000101011111110111001111111100010
524 0000000010010000000001100011111111101000000001010000000000010110011111111010001111111110100
525 0000000101010000000001100011111111000100000000001110000000001001011111111100101111111101110
526 0000001000110000000011111011111110100100000000110100000000001110011111110011001111111100100
527 0000000100000000000001111000000001000001111111100010111111110000000000001010101111111011110
528 0000001000110111111010110000000010000000000000111100111111100011000000001111001111111000110
529 0000000011110000000010100011111111110101111111011110000000000011000000001000101111111101100
530 0000000110010111111111110000000000101000000000111010111111100001000000000001001111111101100
531 0000001010110000000101011000000010000101111110100110111111101111000000010101101111111011110
532 0000010011110111111100000000000011100000000010000110111111000001000000010000001111110010000
533 0000000101010000000000100000000001010101111111111010111111101101000000000001101111111011010
534 0000001100000111111011100000000010100100000000001000111111101111000000000010001111111011110
535 0000010101110000000001111000000100001001111111000010111111001011000000000111101111110010110
536 0000011111100111110111010000000101101100000000110100111111010011000000001101001111110100110
537 0000000011100000000000001000000000010101111111111110111111111011000000000010001111111100100
538 0000001000110111111101010000000000111001111111101000111111110110011111111010001111111101100
539 0000000010010000000010101000000000100001111111100000111111111010000000001000001111111110100
540 0000000011100111111111010000000001000000000000111000111111100010000000000011001111111100100
541 0000000001000000000000001011111111111101111111111110111111111111000000000001100000000001010
542 0000000001100000000000111000000000011100000000001110000000000010011111111100000000000000100
543 0000000101110000000000111000000001010101111111110010000000010100000000000101000000000101000
544 0000001011100000000100001000000010101100000000010000111111110000011111111100001111111100000
545 0000000010110111111111110000000000100000000000000100000000001011000000000101100000000010000
546 0000000011110000000000111000000001001000000000001000000000000000011111111110000000000000000
547 0000000110100000000001110000000001011101111111100100000000000011000000001010100000000000110
548 0000001100110000000001001000000010101000000000100110111111100100011111111011101111111001000
549 0000000100010000000001100000000000101001111111101000000000000110000000001001100000000001100
550 0000001000100000000011010000000001001000000000110000111111110001011111110100001111111100010
551 0000000001100000000010001000000000011001111111101100000000001100000000000101000000000011000
552 0000000100010000000011010000000001000100000001000100111111101000011111110011001111111010100
553 0000000001110000000001010000000000011001111111101100000000000000000000001000100000000000000
554 0000000110010000000010000000000001001000000000100000111111101101011111111000001111111011100
555 0000001110010000000011101000000010110001111110110010000000100000000000001110100000001000000
556 0000011000010000000110000000000100011000000001010100111111000101011111101011001111110001010
557 0000000011110000000001000000000000110100000000010000111111111010011111111000101111111110100
558 0000000111110111111100101000000001000000000000101110000000001010000000001011100000000010100
559 0000000101010000000001000000000000111100000000000010111111110001011111111111101111111010110
560 0000001000110111111110001000000001100100000000001100000000000010000000000011000000000000100
561 0000001100100000000000100000000010001100000000000110111111101011011111111110101111111010110
562 0000010000110111111100101000000010111100000000000100000000000100000000000001000000000001000
563 0000010110110000000000000000000100001000000000001010111111011111000000000000001111110111110
564 0000011101010111111010111000000101011101111111111100000000000110011111111111000000000001100
565 0000100011110111111111100000000110110000000000010110111111001111000000000010001111110011110
566 0000101100010111111000011000001000100101111111110100000000010000011111111101000000000100000
567 0000000101010000000001111000000001010000000000011110111111101110011111110101101111111011100
568 0000001101000111111010101000000010111100000001000110000000011110000000010001100000000111100
569 0000000011010000000001011000000000110101111111111010111111101100000000000001101111111010110
570 0000001001000111111010111000000001110100000000100000111111110000000000001000001111111100000
571 0000000010110000000001100000000000101100000000011000111111110000011111110110101111111100000
572 0000000111000111111100010000000001100100000000110010000000010100000000001100100000000101000
573 0000000001000111111111100000000000100001111111111000000000000100011111111011000000000001110
574 1111111111110000000010100000000000100100000000000000111111111100000000000000000000000000010
575 0000000000100000000000100000000000001000000000001000000000011010011111111001000000000011010
576 0000000000000000000100010000000000000000000000010000000000001000011111111100000000000010010
577 1111111110100000000010100011111111101000000000101000000000101100011111110101000000000011110
578 1111111010110000000110110011111110100000000001000000000000100101011111110000000000000101010
579 0000000011100000000001110000000000001100000000011100000000000011011111111000100000000010010
580 0000001000100000000010100000000001010000000000111000000000100001011111110110000000000101000
581 0000000000010000000010011000000000011100000000100110000000000001011111110101100000000000010
582 0000000010010000000000111000000000100100000001000110000000100110011111111100100000000100000
583 0000000100010000000111010000000000110000000001110110000000001101011111100011000000000011000
584 0000000111110000000010011000000001101100000010101000000001010000011111110110100000000110110
585 0000000100110000000000001000000001000000000000000010000000001000011111111101100000000010000
586 0000001101100000000001010000000010011100000000010000000000010000011111111100000000000100000
587 0000000011000000000010101000000000100100000000100110000000001001011111110110100000000011110
588 0000001000000000000011001000000001001000000001010100000000100010011111110011100000000100100
